#
# There is insufficient memory for the Java Runtime Environment to continue.
# Native memory allocation (malloc) failed to allocate 580336 bytes for Chunk::new
# Possible reasons:
#   The system is out of physical RAM or swap space
#   The process is running with CompressedOops enabled, and the Java Heap may be blocking the growth of the native heap
# Possible solutions:
#   Reduce memory load on the system
#   Increase physical memory or swap space
#   Check if swap backing store is full
#   Decrease Java heap size (-Xmx/-Xms)
#   Decrease number of Java threads
#   Decrease Java thread stack sizes (-Xss)
#   Set larger code cache with -XX:ReservedCodeCacheSize=
#   JVM is running with Unscaled Compressed Oops mode in which the Java heap is
#     placed in the first 4GB address space. The Java Heap base address is the
#     maximum limit for the native heap growth. Please use -XX:HeapBaseMinAddress
#     to set the Java Heap base and to place the Java Heap above 4GB virtual address.
# This output file may be truncated or incomplete.
#
#  Out of Memory Error (allocation.cpp:389), pid=32348, tid=0x0000000000004b1c
#
# JRE version: Java(TM) SE Runtime Environment (8.0_231-b11) (build 1.8.0_231-b11)
# Java VM: Java HotSpot(TM) 64-Bit Server VM (25.231-b11 mixed mode windows-amd64 compressed oops)
# Failed to write core dump. Minidumps are not enabled by default on client versions of Windows
#

---------------  T H R E A D  ---------------

Current thread (0x0000000019519800):  JavaThread "C2 CompilerThread2" daemon [_thread_in_native, id=19228, stack(0x000000001a9b0000,0x000000001aab0000)]

Stack: [0x000000001a9b0000,0x000000001aab0000]
[error occurred during error reporting (printing stack bounds), id 0xc0000005]

Native frames: (J=compiled Java code, j=interpreted, Vv=VM code, C=native code)


Current CompileTask:
C2:   2235 1509 %     4       java.io.WinNTFileSystem::normalize @ 22 (143 bytes)


---------------  P R O C E S S  ---------------

Java Threads: ( => current thread )
  0x000000001d7f7000 JavaThread "Thread-1" [_thread_in_native, id=18596, stack(0x000000001e5e0000,0x000000001e6e0000)]
  0x000000001bd7c000 JavaThread "background-preinit" [_thread_in_vm, id=2116, stack(0x000000001c7d0000,0x000000001c8d0000)]
  0x00000000195a2800 JavaThread "Service Thread" daemon [_thread_blocked, id=12308, stack(0x000000001abb0000,0x000000001acb0000)]
  0x000000001951f800 JavaThread "C1 CompilerThread3" daemon [_thread_blocked, id=28632, stack(0x000000001aab0000,0x000000001abb0000)]
=>0x0000000019519800 JavaThread "C2 CompilerThread2" daemon [_thread_in_native, id=19228, stack(0x000000001a9b0000,0x000000001aab0000)]
  0x000000001950e800 JavaThread "C2 CompilerThread1" daemon [_thread_blocked, id=29388, stack(0x000000001a8b0000,0x000000001a9b0000)]
  0x000000001950c800 JavaThread "C2 CompilerThread0" daemon [_thread_in_native, id=29392, stack(0x000000001a7b0000,0x000000001a8b0000)]
  0x0000000019501800 JavaThread "Attach Listener" daemon [_thread_blocked, id=24008, stack(0x000000001a6b0000,0x000000001a7b0000)]
  0x0000000019500800 JavaThread "Signal Dispatcher" daemon [_thread_blocked, id=16800, stack(0x000000001a5b0000,0x000000001a6b0000)]
  0x000000001946a800 JavaThread "Finalizer" daemon [_thread_blocked, id=27036, stack(0x000000001a3b0000,0x000000001a4b0000)]
  0x000000001943c000 JavaThread "Reference Handler" daemon [_thread_blocked, id=31812, stack(0x000000001a2b0000,0x000000001a3b0000)]
  0x00000000031c9800 JavaThread "main" [_thread_in_native, id=28740, stack(0x0000000003060000,0x0000000003160000)]

Other Threads:
  0x00000000180e6800 VMThread [stack: 0x000000001a1b0000,0x000000001a2b0000] [id=32748]
  0x00000000195b2800 WatcherThread [stack: 0x000000001acb0000,0x000000001adb0000] [id=30220]

VM state:not at safepoint (normal execution)

VM Mutex/Monitor currently owned by a thread: None

heap address: 0x0000000084400000, size: 1980 MB, Compressed Oops mode: 32-bit
Narrow klass base: 0x0000000000000000, Narrow klass shift: 3
Compressed class space size: 1073741824 Address: 0x0000000100000000

Heap:
 PSYoungGen      total 36864K, used 24448K [0x00000000d6c00000, 0x00000000db400000, 0x0000000100000000)
  eden space 31744K, 60% used [0x00000000d6c00000,0x00000000d7ee6108,0x00000000d8b00000)
  from space 5120K, 99% used [0x00000000d8b00000,0x00000000d8ffa018,0x00000000d9000000)
  to   space 5120K, 0% used [0x00000000daf00000,0x00000000daf00000,0x00000000db400000)
 ParOldGen       total 84992K, used 3639K [0x0000000084400000, 0x0000000089700000, 0x00000000d6c00000)
  object space 84992K, 4% used [0x0000000084400000,0x000000008478dc30,0x0000000089700000)
 Metaspace       used 20476K, capacity 21112K, committed 21296K, reserved 1067008K
  class space    used 2703K, capacity 2869K, committed 2944K, reserved 1048576K

Card table byte_map: [0x0000000012680000,0x0000000012a60000] byte_map_base: 0x000000001225e000

Marking Bits: (ParMarkBitMap*) 0x0000000072a06d90
 Begin Bits: [0x0000000013500000, 0x00000000153f0000)
 End Bits:   [0x00000000153f0000, 0x00000000172e0000)

Polling page: 0x0000000003160000

CodeCache: size=245760Kb used=4997Kb max_used=4997Kb free=240762Kb
 bounds [0x00000000032c0000, 0x00000000037b0000, 0x00000000122c0000]
 total_blobs=1917 nmethods=1549 adapters=280
 compilation: enabled

Compilation events (10 events):
Event: 2.217 Thread 0x000000001951f800 1548       3       jdk.internal.org.objectweb.asm.Type::getArgumentsAndReturnSizes (151 bytes)
Event: 2.218 Thread 0x000000001951f800 nmethod 1548 0x000000000379e590 code [0x000000000379e7c0, 0x000000000379f558]
Event: 2.218 Thread 0x000000001951f800 1545       3       java.lang.invoke.MethodHandles$Lookup::linkMethodHandleConstant (185 bytes)
Event: 2.219 Thread 0x000000001951f800 nmethod 1545 0x000000000379fa90 code [0x000000000379fd40, 0x00000000037a1198]
Event: 2.219 Thread 0x000000001951f800 1549       3       sun.invoke.util.VerifyAccess::isMemberAccessible (261 bytes)
Event: 2.221 Thread 0x000000001951f800 nmethod 1549 0x00000000037a1790 code [0x00000000037a1a60, 0x00000000037a3018]
Event: 2.221 Thread 0x000000001951f800 1550       3       org.springframework.util.StringUtils::toStringArray (26 bytes)
Event: 2.222 Thread 0x000000001951f800 nmethod 1550 0x00000000037a3850 code [0x00000000037a39e0, 0x00000000037a3ef8]
Event: 2.225 Thread 0x000000001951f800 1551       3       java.util.concurrent.ConcurrentHashMap::sumCount (48 bytes)
Event: 2.225 Thread 0x000000001951f800 nmethod 1551 0x0000000003799590 code [0x0000000003799700, 0x00000000037999b0]

GC Heap History (6 events):
Event: 1.367 GC heap before
{Heap before GC invocations=1 (full 0):
 PSYoungGen      total 36864K, used 31744K [0x00000000d6c00000, 0x00000000d9500000, 0x0000000100000000)
  eden space 31744K, 100% used [0x00000000d6c00000,0x00000000d8b00000,0x00000000d8b00000)
  from space 5120K, 0% used [0x00000000d9000000,0x00000000d9000000,0x00000000d9500000)
  to   space 5120K, 0% used [0x00000000d8b00000,0x00000000d8b00000,0x00000000d9000000)
 ParOldGen       total 84992K, used 0K [0x0000000084400000, 0x0000000089700000, 0x00000000d6c00000)
  object space 84992K, 0% used [0x0000000084400000,0x0000000084400000,0x0000000089700000)
 Metaspace       used 10305K, capacity 10626K, committed 10880K, reserved 1058816K
  class space    used 1243K, capacity 1325K, committed 1408K, reserved 1048576K
Event: 1.374 GC heap after
Heap after GC invocations=1 (full 0):
 PSYoungGen      total 36864K, used 5113K [0x00000000d6c00000, 0x00000000d9500000, 0x0000000100000000)
  eden space 31744K, 0% used [0x00000000d6c00000,0x00000000d6c00000,0x00000000d8b00000)
  from space 5120K, 99% used [0x00000000d8b00000,0x00000000d8ffe458,0x00000000d9000000)
  to   space 5120K, 0% used [0x00000000d9000000,0x00000000d9000000,0x00000000d9500000)
 ParOldGen       total 84992K, used 255K [0x0000000084400000, 0x0000000089700000, 0x00000000d6c00000)
  object space 84992K, 0% used [0x0000000084400000,0x000000008443ff70,0x0000000089700000)
 Metaspace       used 10305K, capacity 10626K, committed 10880K, reserved 1058816K
  class space    used 1243K, capacity 1325K, committed 1408K, reserved 1048576K
}
Event: 1.661 GC heap before
{Heap before GC invocations=2 (full 0):
 PSYoungGen      total 36864K, used 36857K [0x00000000d6c00000, 0x00000000d9500000, 0x0000000100000000)
  eden space 31744K, 100% used [0x00000000d6c00000,0x00000000d8b00000,0x00000000d8b00000)
  from space 5120K, 99% used [0x00000000d8b00000,0x00000000d8ffe458,0x00000000d9000000)
  to   space 5120K, 0% used [0x00000000d9000000,0x00000000d9000000,0x00000000d9500000)
 ParOldGen       total 84992K, used 255K [0x0000000084400000, 0x0000000089700000, 0x00000000d6c00000)
  object space 84992K, 0% used [0x0000000084400000,0x000000008443ff70,0x0000000089700000)
 Metaspace       used 13428K, capacity 13974K, committed 14080K, reserved 1060864K
  class space    used 1804K, capacity 1960K, committed 2048K, reserved 1048576K
Event: 1.668 GC heap after
Heap after GC invocations=2 (full 0):
 PSYoungGen      total 36864K, used 5103K [0x00000000d6c00000, 0x00000000db400000, 0x0000000100000000)
  eden space 31744K, 0% used [0x00000000d6c00000,0x00000000d6c00000,0x00000000d8b00000)
  from space 5120K, 99% used [0x00000000d9000000,0x00000000d94fbec8,0x00000000d9500000)
  to   space 5120K, 0% used [0x00000000d8b00000,0x00000000d8b00000,0x00000000d9000000)
 ParOldGen       total 84992K, used 855K [0x0000000084400000, 0x0000000089700000, 0x00000000d6c00000)
  object space 84992K, 1% used [0x0000000084400000,0x00000000844d5cb0,0x0000000089700000)
 Metaspace       used 13428K, capacity 13974K, committed 14080K, reserved 1060864K
  class space    used 1804K, capacity 1960K, committed 2048K, reserved 1048576K
}
Event: 1.979 GC heap before
{Heap before GC invocations=3 (full 0):
 PSYoungGen      total 36864K, used 36847K [0x00000000d6c00000, 0x00000000db400000, 0x0000000100000000)
  eden space 31744K, 100% used [0x00000000d6c00000,0x00000000d8b00000,0x00000000d8b00000)
  from space 5120K, 99% used [0x00000000d9000000,0x00000000d94fbec8,0x00000000d9500000)
  to   space 5120K, 0% used [0x00000000d8b00000,0x00000000d8b00000,0x00000000d9000000)
 ParOldGen       total 84992K, used 855K [0x0000000084400000, 0x0000000089700000, 0x00000000d6c00000)
  object space 84992K, 1% used [0x0000000084400000,0x00000000844d5cb0,0x0000000089700000)
 Metaspace       used 17954K, capacity 18578K, committed 18688K, reserved 1064960K
  class space    used 2347K, capacity 2502K, committed 2560K, reserved 1048576K
Event: 1.986 GC heap after
Heap after GC invocations=3 (full 0):
 PSYoungGen      total 36864K, used 5096K [0x00000000d6c00000, 0x00000000db400000, 0x0000000100000000)
  eden space 31744K, 0% used [0x00000000d6c00000,0x00000000d6c00000,0x00000000d8b00000)
  from space 5120K, 99% used [0x00000000d8b00000,0x00000000d8ffa018,0x00000000d9000000)
  to   space 5120K, 0% used [0x00000000daf00000,0x00000000daf00000,0x00000000db400000)
 ParOldGen       total 84992K, used 3639K [0x0000000084400000, 0x0000000089700000, 0x00000000d6c00000)
  object space 84992K, 4% used [0x0000000084400000,0x000000008478dc30,0x0000000089700000)
 Metaspace       used 17954K, capacity 18578K, committed 18688K, reserved 1064960K
  class space    used 2347K, capacity 2502K, committed 2560K, reserved 1048576K
}

Deoptimization events (10 events):
Event: 1.744 Thread 0x000000001bd7c000 Uncommon trap: reason=class_check action=maybe_recompile pc=0x000000000369a3a4 method=java.util.HashMap.putVal(ILjava/lang/Object;Ljava/lang/Object;ZZ)Ljava/lang/Object; @ 203
Event: 1.748 Thread 0x000000001bd7c000 Uncommon trap: reason=class_check action=maybe_recompile pc=0x000000000369a3a4 method=java.util.HashMap.putVal(ILjava/lang/Object;Ljava/lang/Object;ZZ)Ljava/lang/Object; @ 203
Event: 1.751 Thread 0x000000001bd7c000 Uncommon trap: reason=class_check action=maybe_recompile pc=0x000000000369a3a4 method=java.util.HashMap.putVal(ILjava/lang/Object;Ljava/lang/Object;ZZ)Ljava/lang/Object; @ 203
Event: 1.782 Thread 0x00000000031c9800 Uncommon trap: reason=unstable_if action=reinterpret pc=0x00000000035f3ad8 method=java.io.WinNTFileSystem.normalize(Ljava/lang/String;II)Ljava/lang/String; @ 90
Event: 1.809 Thread 0x00000000031c9800 Uncommon trap: reason=class_check action=maybe_recompile pc=0x00000000034ac594 method=java.lang.String.equals(Ljava/lang/Object;)Z @ 8
Event: 1.849 Thread 0x00000000031c9800 Uncommon trap: reason=class_check action=maybe_recompile pc=0x00000000034ac594 method=java.lang.String.equals(Ljava/lang/Object;)Z @ 8
Event: 1.849 Thread 0x00000000031c9800 Uncommon trap: reason=class_check action=maybe_recompile pc=0x00000000034ac594 method=java.lang.String.equals(Ljava/lang/Object;)Z @ 8
Event: 1.849 Thread 0x00000000031c9800 Uncommon trap: reason=class_check action=maybe_recompile pc=0x00000000034ac594 method=java.lang.String.equals(Ljava/lang/Object;)Z @ 8
Event: 1.914 Thread 0x00000000031c9800 Uncommon trap: reason=unstable_if action=reinterpret pc=0x000000000369d758 method=java.util.concurrent.ConcurrentHashMap.putVal(Ljava/lang/Object;Ljava/lang/Object;Z)Ljava/lang/Object; @ 206
Event: 2.213 Thread 0x000000001bd7c000 Uncommon trap: reason=unstable_if action=reinterpret pc=0x0000000003687264 method=jdk.internal.org.objectweb.asm.Type.getArgumentsAndReturnSizes(Ljava/lang/String;)I @ 47

Classes redefined (0 events):
No events

Internal exceptions (10 events):
Event: 1.972 Thread 0x00000000031c9800 Exception <a 'java/lang/ClassNotFoundException': org/springframework/core/PriorityOrderedCustomizer> (0x00000000d8a5cde8) thrown at [C:\re\workspace\8-2-build-windows-amd64-cygwin\jdk8u231\13620\hotspot\src\share\vm\classfile\systemDictionary.cpp, line 21
Event: 1.972 Thread 0x00000000031c9800 Exception <a 'java/lang/ClassNotFoundException': org/springframework/core/OrderedCustomizer> (0x00000000d8a6a6d0) thrown at [C:\re\workspace\8-2-build-windows-amd64-cygwin\jdk8u231\13620\hotspot\src\share\vm\classfile\systemDictionary.cpp, line 210]
Event: 1.973 Thread 0x00000000031c9800 Exception <a 'java/lang/ClassNotFoundException': org/springframework/context/ResourceLoaderAwareCustomizer> (0x00000000d8a7bb20) thrown at [C:\re\workspace\8-2-build-windows-amd64-cygwin\jdk8u231\13620\hotspot\src\share\vm\classfile\systemDictionary.cpp, 
Event: 1.973 Thread 0x00000000031c9800 Exception <a 'java/lang/ClassNotFoundException': org/springframework/beans/factory/AwareCustomizer> (0x00000000d8a8bc98) thrown at [C:\re\workspace\8-2-build-windows-amd64-cygwin\jdk8u231\13620\hotspot\src\share\vm\classfile\systemDictionary.cpp, line 210
Event: 1.974 Thread 0x00000000031c9800 Exception <a 'java/lang/ClassNotFoundException': org/springframework/beans/factory/BeanClassLoaderAwareCustomizer> (0x00000000d8a9db60) thrown at [C:\re\workspace\8-2-build-windows-amd64-cygwin\jdk8u231\13620\hotspot\src\share\vm\classfile\systemDictionar
Event: 1.974 Thread 0x00000000031c9800 Exception <a 'java/lang/ClassNotFoundException': org/springframework/beans/factory/AwareCustomizer> (0x00000000d8aadd68) thrown at [C:\re\workspace\8-2-build-windows-amd64-cygwin\jdk8u231\13620\hotspot\src\share\vm\classfile\systemDictionary.cpp, line 210
Event: 1.974 Thread 0x00000000031c9800 Exception <a 'java/lang/ClassNotFoundException': org/springframework/context/EnvironmentAwareCustomizer> (0x00000000d8abdbe8) thrown at [C:\re\workspace\8-2-build-windows-amd64-cygwin\jdk8u231\13620\hotspot\src\share\vm\classfile\systemDictionary.cpp, lin
Event: 1.975 Thread 0x00000000031c9800 Exception <a 'java/lang/ClassNotFoundException': org/springframework/beans/factory/AwareCustomizer> (0x00000000d8acdcd0) thrown at [C:\re\workspace\8-2-build-windows-amd64-cygwin\jdk8u231\13620\hotspot\src\share\vm\classfile\systemDictionary.cpp, line 210
Event: 2.016 Thread 0x00000000031c9800 Exception <a 'java/lang/NoSuchMethodError': java.lang.Object.lambda$comparing$77a9974f$1(Ljava/util/function/Function;Ljava/lang/Object;Ljava/lang/Object;)I> (0x00000000d6ed6e98) thrown at [C:\re\workspace\8-2-build-windows-amd64-cygwin\jdk8u231\13620\hot
Event: 2.217 Thread 0x000000001bd7c000 Exception <a 'java/lang/IncompatibleClassChangeError': Found class java.lang.Object, but interface was expected> (0x00000000d7cddb88) thrown at [C:\re\workspace\8-2-build-windows-amd64-cygwin\jdk8u231\13620\hotspot\src\share\vm\interpreter\linkResolver.cp

Events (10 events):
Event: 2.232 loading class org/springframework/aop/framework/ProxyProcessorSupport done
Event: 2.232 loading class com/fasterxml/jackson/datatype/jdk8/StreamSerializer
Event: 2.232 loading class com/fasterxml/jackson/datatype/jdk8/StreamSerializer done
Event: 2.232 loading class org/springframework/aop/framework/ProxyConfig
Event: 2.232 loading class org/springframework/aop/framework/ProxyConfig done
Event: 2.232 loading class com/unboundid/ldap/listener/InMemoryDirectoryServer
Event: 2.232 loading class com/unboundid/ldap/listener/InMemoryDirectoryServer done
Event: 2.232 loading class com/fasterxml/jackson/databind/util/ArrayBuilders
Event: 2.232 loading class com/fasterxml/jackson/databind/util/ArrayBuilders done
Event: 2.233 loading class org/springframework/ldap/core/ContextSource


Dynamic libraries:
0x00007ff6a6db0000 - 0x00007ff6a6de7000 	C:\Program Files\Java\jre1.8.0_231\bin\javaw.exe
0x00007ff928500000 - 0x00007ff928709000 	C:\WINDOWS\SYSTEM32\ntdll.dll
0x00007ff926d00000 - 0x00007ff926dbd000 	C:\WINDOWS\System32\KERNEL32.DLL
0x00007ff925b30000 - 0x00007ff925eb4000 	C:\WINDOWS\System32\KERNELBASE.dll
0x00007ff91fb10000 - 0x00007ff91fba2000 	C:\WINDOWS\SYSTEM32\apphelp.dll
0x00007ff8d8ca0000 - 0x00007ff8d9148000 	C:\WINDOWS\SYSTEM32\AcLayers.DLL
0x00007ff926fa0000 - 0x00007ff927043000 	C:\WINDOWS\System32\msvcrt.dll
0x00007ff927480000 - 0x00007ff9274dd000 	C:\WINDOWS\System32\SHLWAPI.dll
0x00007ff9139a0000 - 0x00007ff9139b1000 	C:\WINDOWS\SYSTEM32\SortWindows61.dll
0x00007ff926a70000 - 0x00007ff926b1e000 	C:\WINDOWS\System32\ADVAPI32.dll
0x00007ff927050000 - 0x00007ff9270ee000 	C:\WINDOWS\System32\sechost.dll
0x00007ff926bd0000 - 0x00007ff926cf1000 	C:\WINDOWS\System32\RPCRT4.dll
0x00007ff9264b0000 - 0x00007ff92665d000 	C:\WINDOWS\System32\USER32.dll
0x00007ff9260a0000 - 0x00007ff9260c6000 	C:\WINDOWS\System32\win32u.dll
0x00007ff927500000 - 0x00007ff92752a000 	C:\WINDOWS\System32\GDI32.dll
0x00007ff925990000 - 0x00007ff925aae000 	C:\WINDOWS\System32\gdi32full.dll
0x00007ff9262b0000 - 0x00007ff92634d000 	C:\WINDOWS\System32\msvcp_win.dll
0x00007ff925f80000 - 0x00007ff926091000 	C:\WINDOWS\System32\ucrtbase.dll
0x00007ff914c80000 - 0x00007ff914f25000 	C:\WINDOWS\WinSxS\amd64_microsoft.windows.common-controls_6595b64144ccf1df_6.0.22000.120_none_9d947278b86cc467\COMCTL32.dll
0x00007ff926dc0000 - 0x00007ff926df1000 	C:\WINDOWS\System32\IMM32.DLL
0x0000000072a90000 - 0x0000000072b62000 	C:\Program Files\Java\jre1.8.0_231\bin\msvcr100.dll
0x00000000721e0000 - 0x0000000072a86000 	C:\Program Files\Java\jre1.8.0_231\bin\server\jvm.dll
0x00007ff9274e0000 - 0x00007ff9274e8000 	C:\WINDOWS\System32\PSAPI.DLL
0x00007ff914530000 - 0x00007ff91453a000 	C:\WINDOWS\SYSTEM32\VERSION.dll
0x00007ff911cc0000 - 0x00007ff911cc9000 	C:\WINDOWS\SYSTEM32\WSOCK32.dll
0x00007ff91e270000 - 0x00007ff91e2a3000 	C:\WINDOWS\SYSTEM32\WINMM.dll
0x00007ff926440000 - 0x00007ff9264af000 	C:\WINDOWS\System32\WS2_32.dll
0x00007ff8a7cf0000 - 0x00007ff8a7cff000 	C:\Program Files\Java\jre1.8.0_231\bin\verify.dll
0x00007ff891300000 - 0x00007ff891329000 	C:\Program Files\Java\jre1.8.0_231\bin\java.dll
0x00007ff8912e0000 - 0x00007ff8912f6000 	C:\Program Files\Java\jre1.8.0_231\bin\zip.dll
0x00007ff9279b0000 - 0x00007ff928175000 	C:\WINDOWS\System32\SHELL32.dll
0x00007ff923a20000 - 0x00007ff924282000 	C:\WINDOWS\SYSTEM32\windows.storage.dll
0x00007ff9270f0000 - 0x00007ff927466000 	C:\WINDOWS\System32\combase.dll
0x00007ff9238b0000 - 0x00007ff923a17000 	C:\WINDOWS\SYSTEM32\wintypes.dll
0x00007ff926810000 - 0x00007ff9268fa000 	C:\WINDOWS\System32\SHCORE.dll
0x00007ff9258c0000 - 0x00007ff9258e5000 	C:\WINDOWS\SYSTEM32\profapi.dll
0x00007ff8c0fb0000 - 0x00007ff8c0fbd000 	C:\Program Files\Java\jre1.8.0_231\bin\management.dll
0x00007ff8c0f90000 - 0x00007ff8c0faa000 	C:\Program Files\Java\jre1.8.0_231\bin\net.dll
0x00007ff924f20000 - 0x00007ff924f87000 	C:\WINDOWS\system32\mswsock.dll
0x00007ff900d00000 - 0x00007ff900d17000 	C:\WINDOWS\system32\napinsp.dll
0x00007ff900ce0000 - 0x00007ff900cfb000 	C:\WINDOWS\system32\pnrpnsp.dll
0x00007ff9245a0000 - 0x00007ff924687000 	C:\WINDOWS\SYSTEM32\DNSAPI.dll
0x00007ff924520000 - 0x00007ff92454d000 	C:\WINDOWS\SYSTEM32\IPHLPAPI.DLL
0x00007ff927470000 - 0x00007ff927479000 	C:\WINDOWS\System32\NSI.dll
0x00007ff900270000 - 0x00007ff900282000 	C:\WINDOWS\System32\winrnr.dll
0x00007ff900250000 - 0x00007ff900265000 	C:\WINDOWS\system32\wshbth.dll
0x00007ff900230000 - 0x00007ff90024f000 	C:\WINDOWS\system32\nlansp_c.dll
0x00007ff914f30000 - 0x00007ff914f3a000 	C:\Windows\System32\rasadhlp.dll
0x00007ff914f40000 - 0x00007ff914fc2000 	C:\WINDOWS\System32\fwpuclnt.dll
0x00007ff8c0f70000 - 0x00007ff8c0f82000 	C:\Program Files\Java\jre1.8.0_231\bin\nio.dll

VM Arguments:
jvm_args: -Dfile.encoding=Cp1252 
java_command: com.mindex.challenge.ChallengeApplication
java_class_path (initial): C:\Users\hhend\Downloads\mindex-java-code-challenge\mindex-java-code-challenge\bin\main;C:\Users\hhend\.gradle\caches\modules-2\files-2.1\org.springframework.boot\spring-boot-starter-web\2.2.0.RELEASE\a63661766218b06e540e58f7f3d4cf64278af92c\spring-boot-starter-web-2.2.0.RELEASE.jar;C:\Users\hhend\.gradle\caches\modules-2\files-2.1\org.springframework.boot\spring-boot-starter-data-mongodb\2.2.0.RELEASE\c6cec931c76070b4b6ca28c5bb33a869641309bf\spring-boot-starter-data-mongodb-2.2.0.RELEASE.jar;C:\Users\hhend\.gradle\caches\modules-2\files-2.1\de.bwaldvogel\mongo-java-server\1.25.0\1fc0f0285072eb1bfebc42493b612398589c883d\mongo-java-server-1.25.0.jar;C:\Users\hhend\.gradle\caches\modules-2\files-2.1\org.springframework.boot\spring-boot-starter-json\2.2.0.RELEASE\72459189c5a602f1e651c8e2a4547889dc691139\spring-boot-starter-json-2.2.0.RELEASE.jar;C:\Users\hhend\.gradle\caches\modules-2\files-2.1\org.springframework.boot\spring-boot-starter-validation\2.2.0.RELEASE\ab315d2930808b87908be42e19f64a1d5afbb012\spring-boot-starter-validation-2.2.0.RELEASE.jar;C:\Users\hhend\.gradle\caches\modules-2\files-2.1\org.springframework.boot\spring-boot-starter\2.2.0.RELEASE\47b669895fc0e5bb8e5a54b7171029223f899cde\spring-boot-starter-2.2.0.RELEASE.jar;C:\Users\hhend\.gradle\caches\modules-2\files-2.1\org.springframework.boot\spring-boot-starter-tomcat\2.2.0.RELEASE\e305bc0fec134a639c10c9d48885db88951ea318\spring-boot-starter-tomcat-2.2.0.RELEASE.jar;C:\Users\hhend\.gradle\caches\modules-2\files-2.1\org.springframework\spring-webmvc\5.2.0.RELEASE\652abc943904d67504dc822197868cafaa5e56b5\spring-webmvc-5.2.0.RELEASE.jar;C:\Users\hhend\.gradle\caches\modules-2\files-2.1\org.springframework\spring-web\5.2.0.RELEASE\d5b064196dc014519e751df549b4cc6a753fb191\spring-web-5.2.0.RELEASE.jar;C:\Users\hhend\.gradle\caches\modules-2\files-2.1\org.mongodb\mongodb-driver\3.11.1\e05980265461daaf7905db90bb37c9a35e4ede6e\mongodb-driver-3.11.1.jar;C:\Users\hhend\.gradle\caches
Launcher Type: SUN_STANDARD

Environment Variables:
PATH=C:/Program Files/Java/jre1.8.0_331/bin/server;C:/Program Files/Java/jre1.8.0_331/bin;C:/Program Files/Java/jre1.8.0_331/lib/amd64;C:\Python39\Scripts\;C:\Python39\;C:\Program Files (x86)\Common Files\Oracle\Java\javapath;C:\WINDOWS\system32;C:\WINDOWS;C:\WINDOWS\System32\Wbem;C:\WINDOWS\System32\WindowsPowerShell\v1.0\;C:\WINDOWS\System32\OpenSSH\;C:\Program Files\nodejs\;C:\ProgramData\chocolatey\bin;C:\Program Files\dotnet\;C:\Program Files\Git\cmd;C:\Program Files\WireGuard\;C:\Users\hhend\AppData\Local\Microsoft\WindowsApps;C:\Users\hhend\AppData\Roaming\npm;C:\Users\hhend\AppData\Local\JetBrains\Toolbox\scripts;;C:\Users\hhend\OneDrive\Desktop;
USERNAME=hhend
OS=Windows_NT
PROCESSOR_IDENTIFIER=Intel64 Family 6 Model 158 Stepping 10, GenuineIntel



---------------  S Y S T E M  ---------------

OS: Windows 10.0 , 64 bit Build 22000 (10.0.22000.2360)

CPU:total 8 (initial active 8) (4 cores per cpu, 2 threads per core) family 6 model 158 stepping 10, cmov, cx8, fxsr, mmx, sse, sse2, sse3, ssse3, sse4.1, sse4.2, popcnt, avx, avx2, aes, clmul, erms, 3dnowpref, lzcnt, ht, tsc, tscinvbit, bmi1, bmi2, adx

Memory: 4k page, physical 8109908k(498032k free), swap 33275732k(4492k free)

vm_info: Java HotSpot(TM) 64-Bit Server VM (25.231-b11) for windows-amd64 JRE (1.8.0_231-b11), built on Oct  5 2019 03:11:30 by "java_re" with MS VC++ 10.0 (VS2010)

time: Tue Nov 07 00:50:56 2023
timezone: Eastern Standard Time
elapsed time: 2 seconds (0d 0h 0m 2s)

