#
# There is insufficient memory for the Java Runtime Environment to continue.
# Native memory allocation (malloc) failed to allocate 32784 bytes for Chunk::new
# Possible reasons:
#   The system is out of physical RAM or swap space
#   The process is running with CompressedOops enabled, and the Java Heap may be blocking the growth of the native heap
# Possible solutions:
#   Reduce memory load on the system
#   Increase physical memory or swap space
#   Check if swap backing store is full
#   Decrease Java heap size (-Xmx/-Xms)
#   Decrease number of Java threads
#   Decrease Java thread stack sizes (-Xss)
#   Set larger code cache with -XX:ReservedCodeCacheSize=
#   JVM is running with Unscaled Compressed Oops mode in which the Java heap is
#     placed in the first 4GB address space. The Java Heap base address is the
#     maximum limit for the native heap growth. Please use -XX:HeapBaseMinAddress
#     to set the Java Heap base and to place the Java Heap above 4GB virtual address.
# This output file may be truncated or incomplete.
#
#  Out of Memory Error (allocation.cpp:389), pid=33280, tid=0x0000000000006a70
#
# JRE version: Java(TM) SE Runtime Environment (8.0_231-b11) (build 1.8.0_231-b11)
# Java VM: Java HotSpot(TM) 64-Bit Server VM (25.231-b11 mixed mode windows-amd64 compressed oops)
# Failed to write core dump. Minidumps are not enabled by default on client versions of Windows
#

---------------  T H R E A D  ---------------

Current thread (0x00000000193af000):  JavaThread "C2 CompilerThread1" daemon [_thread_in_native, id=27248, stack(0x000000001a750000,0x000000001a850000)]

Stack: [0x000000001a750000,0x000000001a850000]
[error occurred during error reporting (printing stack bounds), id 0xc0000005]

Native frames: (J=compiled Java code, j=interpreted, Vv=VM code, C=native code)


Current CompileTask:
C2:52777917 6289       4       com.mongodb.internal.connection.CommandHelper::sendAndReceive (48 bytes)


---------------  P R O C E S S  ---------------

Java Threads: ( => current thread )
  0x000000001e810000 JavaThread "DestroyJavaVM" [_thread_blocked, id=35300, stack(0x0000000002f10000,0x0000000003010000)]
  0x000000002082c000 JavaThread "mongo-server-worker2" [_thread_in_native, id=25732, stack(0x00000000293b0000,0x00000000294b0000)]
  0x000000002082b800 JavaThread "mongo-server-worker1" [_thread_in_native, id=29328, stack(0x00000000280d0000,0x00000000281d0000)]
  0x000000002082a800 JavaThread "cluster-ClusterId{value='654c5423ccf01c0e03d7b9ae', description='null'}-127.0.0.1:50556" daemon [_thread_blocked, id=33668, stack(0x0000000027fd0000,0x00000000280d0000)]
  0x000000002082a000 JavaThread "mongo-server-boss1" [_thread_in_native, id=35028, stack(0x0000000026c60000,0x0000000026d60000)]
  0x000000002082d000 JavaThread "http-nio-8078-Acceptor" daemon [_thread_in_native, id=27812, stack(0x0000000026a40000,0x0000000026b40000)]
  0x0000000020821800 JavaThread "http-nio-8078-ClientPoller" daemon [_thread_in_native, id=5656, stack(0x0000000026b60000,0x0000000026c60000)]
  0x0000000020828800 JavaThread "http-nio-8078-exec-10" daemon [_thread_blocked, id=29740, stack(0x0000000026940000,0x0000000026a40000)]
  0x0000000020821000 JavaThread "http-nio-8078-exec-9" daemon [_thread_blocked, id=14632, stack(0x0000000026840000,0x0000000026940000)]
  0x0000000020827000 JavaThread "http-nio-8078-exec-8" daemon [_thread_blocked, id=34100, stack(0x0000000026740000,0x0000000026840000)]
  0x0000000020826000 JavaThread "http-nio-8078-exec-7" daemon [_thread_blocked, id=14504, stack(0x0000000026640000,0x0000000026740000)]
  0x0000000020827800 JavaThread "http-nio-8078-exec-6" daemon [_thread_blocked, id=26824, stack(0x0000000026540000,0x0000000026640000)]
  0x0000000020820000 JavaThread "http-nio-8078-exec-5" daemon [_thread_blocked, id=26660, stack(0x0000000026440000,0x0000000026540000)]
  0x000000002081e800 JavaThread "http-nio-8078-exec-4" daemon [_thread_blocked, id=1152, stack(0x0000000026340000,0x0000000026440000)]
  0x0000000020824000 JavaThread "http-nio-8078-exec-3" daemon [_thread_blocked, id=33856, stack(0x0000000026240000,0x0000000026340000)]
  0x0000000020823000 JavaThread "http-nio-8078-exec-2" daemon [_thread_blocked, id=24720, stack(0x0000000026140000,0x0000000026240000)]
  0x0000000020822800 JavaThread "http-nio-8078-exec-1" daemon [_thread_blocked, id=1436, stack(0x0000000026040000,0x0000000026140000)]
  0x000000002081f800 JavaThread "http-nio-8078-BlockPoller" daemon [_thread_in_native, id=18180, stack(0x0000000023ae0000,0x0000000023be0000)]
  0x000000001e80a800 JavaThread "mongo-server-worker2" [_thread_in_native, id=20016, stack(0x0000000024c30000,0x0000000024d30000)]
  0x000000001e80c000 JavaThread "mongo-server-worker1" [_thread_in_native, id=35156, stack(0x00000000225d0000,0x00000000226d0000)]
  0x000000001e80f000 JavaThread "cluster-ClusterId{value='654c5422ccf01c0e03d7b9a8', description='null'}-127.0.0.1:50485" daemon [_thread_blocked, id=2836, stack(0x00000000223d0000,0x00000000224d0000)]
  0x000000001e80a000 JavaThread "mongo-server-boss1" [_thread_in_native, id=35000, stack(0x00000000220d0000,0x00000000221d0000)]
  0x000000001e80e800 JavaThread "container-0" [_thread_blocked, id=31180, stack(0x000000001fb50000,0x000000001fc50000)]
  0x000000001e80d800 JavaThread "Catalina-utility-2" [_thread_blocked, id=34924, stack(0x000000001e480000,0x000000001e580000)]
  0x000000001e80b800 JavaThread "Catalina-utility-1" [_thread_blocked, id=33696, stack(0x000000001c670000,0x000000001c770000)]
  0x000000001943e000 JavaThread "Service Thread" daemon [_thread_blocked, id=30668, stack(0x000000001aa50000,0x000000001ab50000)]
  0x00000000193ba800 JavaThread "C1 CompilerThread3" daemon [_thread_blocked, id=27552, stack(0x000000001a950000,0x000000001aa50000)]
  0x00000000193b5800 JavaThread "C2 CompilerThread2" daemon [_thread_blocked, id=22168, stack(0x000000001a850000,0x000000001a950000)]
=>0x00000000193af000 JavaThread "C2 CompilerThread1" daemon [_thread_in_native, id=27248, stack(0x000000001a750000,0x000000001a850000)]
  0x00000000193a5000 JavaThread "C2 CompilerThread0" daemon [_thread_blocked, id=34372, stack(0x000000001a650000,0x000000001a750000)]
  0x00000000193a2000 JavaThread "Attach Listener" daemon [_thread_blocked, id=1848, stack(0x000000001a550000,0x000000001a650000)]
  0x00000000193a1000 JavaThread "Signal Dispatcher" daemon [_thread_blocked, id=33652, stack(0x000000001a450000,0x000000001a550000)]
  0x000000001930b000 JavaThread "Finalizer" daemon [_thread_blocked, id=14612, stack(0x000000001a250000,0x000000001a350000)]
  0x00000000192dc000 JavaThread "Reference Handler" daemon [_thread_blocked, id=18564, stack(0x000000001a150000,0x000000001a250000)]

Other Threads:
  0x0000000017f67000 VMThread [stack: 0x000000001a050000,0x000000001a150000] [id=32912]
  0x000000001945e000 WatcherThread [stack: 0x000000001ab50000,0x000000001ac50000] [id=25940]

VM state:not at safepoint (normal execution)

VM Mutex/Monitor currently owned by a thread: None

heap address: 0x0000000084400000, size: 1980 MB, Compressed Oops mode: 32-bit
Narrow klass base: 0x0000000000000000, Narrow klass shift: 3
Compressed class space size: 1073741824 Address: 0x0000000100000000

Heap:
 PSYoungGen      total 139264K, used 36938K [0x00000000d6c00000, 0x00000000e0880000, 0x0000000100000000)
  eden space 131584K, 23% used [0x00000000d6c00000,0x00000000d8991f58,0x00000000dec80000)
  from space 7680K, 86% used [0x00000000e0100000,0x00000000e07809a0,0x00000000e0880000)
  to   space 14336K, 0% used [0x00000000dec80000,0x00000000dec80000,0x00000000dfa80000)
 ParOldGen       total 88576K, used 17707K [0x0000000084400000, 0x0000000089a80000, 0x00000000d6c00000)
  object space 88576K, 19% used [0x0000000084400000,0x000000008554ad80,0x0000000089a80000)
 Metaspace       used 42720K, capacity 45302K, committed 45568K, reserved 1089536K
  class space    used 5677K, capacity 6124K, committed 6144K, reserved 1048576K

Card table byte_map: [0x0000000012530000,0x0000000012910000] byte_map_base: 0x000000001210e000

Marking Bits: (ParMarkBitMap*) 0x000000005cf36d90
 Begin Bits: [0x00000000133b0000, 0x00000000152a0000)
 End Bits:   [0x00000000152a0000, 0x0000000017190000)

Polling page: 0x0000000002d60000

CodeCache: size=245760Kb used=15365Kb max_used=15383Kb free=230394Kb
 bounds [0x0000000003170000, 0x00000000040b0000, 0x0000000012170000]
 total_blobs=5251 nmethods=4757 adapters=405
 compilation: enabled

Compilation events (10 events):
Event: 52717.659 Thread 0x00000000193af000 6286       4       ch.qos.logback.classic.LoggerContext::getTurboFilterChainDecision_2 (43 bytes)
Event: 52717.667 Thread 0x00000000193af000 nmethod 6286 0x0000000003df95d0 code [0x0000000003df9720, 0x0000000003df97d8]
Event: 52717.667 Thread 0x00000000193a5000 nmethod 6285 0x00000000035e89d0 code [0x00000000035e8b20, 0x00000000035e8c58]
Event: 52727.668 Thread 0x00000000193af000 6287       4       com.mongodb.internal.connection.CommandMessage::<init> (61 bytes)
Event: 52727.679 Thread 0x00000000193af000 nmethod 6287 0x0000000003c03d90 code [0x0000000003c03ee0, 0x0000000003c04018]
Event: 52737.735 Thread 0x00000000193a5000 6288       4       org.bson.codecs.BsonDocumentCodec::<init> (39 bytes)
Event: 52737.814 Thread 0x00000000193a5000 nmethod 6288 0x0000000004088b10 code [0x0000000004088c60, 0x0000000004088da8]
Event: 52777.796 Thread 0x00000000193af000 6289       4       com.mongodb.internal.connection.CommandHelper::sendAndReceive (48 bytes)
Event: 52777.797 Thread 0x00000000193b5800 6290       4       com.mongodb.internal.connection.MessageSettings::<init> (45 bytes)
Event: 52777.800 Thread 0x00000000193b5800 nmethod 6290 0x0000000004074c10 code [0x0000000004074d40, 0x0000000004074dd8]

GC Heap History (10 events):
Event: 2.588 GC heap before
{Heap before GC invocations=6 (full 1):
 PSYoungGen      total 68608K, used 63488K [0x00000000d6c00000, 0x00000000db400000, 0x0000000100000000)
  eden space 63488K, 100% used [0x00000000d6c00000,0x00000000daa00000,0x00000000daa00000)
  from space 5120K, 0% used [0x00000000daf00000,0x00000000daf00000,0x00000000db400000)
  to   space 5120K, 0% used [0x00000000daa00000,0x00000000daa00000,0x00000000daf00000)
 ParOldGen       total 56320K, used 7161K [0x0000000084400000, 0x0000000087b00000, 0x00000000d6c00000)
  object space 56320K, 12% used [0x0000000084400000,0x0000000084afe5c8,0x0000000087b00000)
 Metaspace       used 26221K, capacity 27324K, committed 27648K, reserved 1073152K
  class space    used 3477K, capacity 3727K, committed 3840K, reserved 1048576K
Event: 2.595 GC heap after
Heap after GC invocations=6 (full 1):
 PSYoungGen      total 68608K, used 5091K [0x00000000d6c00000, 0x00000000ddc80000, 0x0000000100000000)
  eden space 63488K, 0% used [0x00000000d6c00000,0x00000000d6c00000,0x00000000daa00000)
  from space 5120K, 99% used [0x00000000daa00000,0x00000000daef8fb0,0x00000000daf00000)
  to   space 9216K, 0% used [0x00000000dd380000,0x00000000dd380000,0x00000000ddc80000)
 ParOldGen       total 56320K, used 10178K [0x0000000084400000, 0x0000000087b00000, 0x00000000d6c00000)
  object space 56320K, 18% used [0x0000000084400000,0x0000000084df09a8,0x0000000087b00000)
 Metaspace       used 26221K, capacity 27324K, committed 27648K, reserved 1073152K
  class space    used 3477K, capacity 3727K, committed 3840K, reserved 1048576K
}
Event: 4.514 GC heap before
{Heap before GC invocations=7 (full 1):
 PSYoungGen      total 68608K, used 60081K [0x00000000d6c00000, 0x00000000ddc80000, 0x0000000100000000)
  eden space 63488K, 86% used [0x00000000d6c00000,0x00000000da1b36d0,0x00000000daa00000)
  from space 5120K, 99% used [0x00000000daa00000,0x00000000daef8fb0,0x00000000daf00000)
  to   space 9216K, 0% used [0x00000000dd380000,0x00000000dd380000,0x00000000ddc80000)
 ParOldGen       total 56320K, used 10178K [0x0000000084400000, 0x0000000087b00000, 0x00000000d6c00000)
  object space 56320K, 18% used [0x0000000084400000,0x0000000084df09a8,0x0000000087b00000)
 Metaspace       used 33727K, capacity 35262K, committed 35496K, reserved 1079296K
  class space    used 4479K, capacity 4788K, committed 4864K, reserved 1048576K
Event: 4.522 GC heap after
Heap after GC invocations=7 (full 1):
 PSYoungGen      total 102400K, used 9196K [0x00000000d6c00000, 0x00000000dde00000, 0x0000000100000000)
  eden space 93184K, 0% used [0x00000000d6c00000,0x00000000d6c00000,0x00000000dc700000)
  from space 9216K, 99% used [0x00000000dd380000,0x00000000ddc7b208,0x00000000ddc80000)
  to   space 11776K, 0% used [0x00000000dc700000,0x00000000dc700000,0x00000000dd280000)
 ParOldGen       total 56320K, used 12604K [0x0000000084400000, 0x0000000087b00000, 0x00000000d6c00000)
  object space 56320K, 22% used [0x0000000084400000,0x000000008504f3f0,0x0000000087b00000)
 Metaspace       used 33727K, capacity 35262K, committed 35496K, reserved 1079296K
  class space    used 4479K, capacity 4788K, committed 4864K, reserved 1048576K
}
Event: 4.522 GC heap before
{Heap before GC invocations=8 (full 2):
 PSYoungGen      total 102400K, used 9196K [0x00000000d6c00000, 0x00000000dde00000, 0x0000000100000000)
  eden space 93184K, 0% used [0x00000000d6c00000,0x00000000d6c00000,0x00000000dc700000)
  from space 9216K, 99% used [0x00000000dd380000,0x00000000ddc7b208,0x00000000ddc80000)
  to   space 11776K, 0% used [0x00000000dc700000,0x00000000dc700000,0x00000000dd280000)
 ParOldGen       total 56320K, used 12604K [0x0000000084400000, 0x0000000087b00000, 0x00000000d6c00000)
  object space 56320K, 22% used [0x0000000084400000,0x000000008504f3f0,0x0000000087b00000)
 Metaspace       used 33727K, capacity 35262K, committed 35496K, reserved 1079296K
  class space    used 4479K, capacity 4788K, committed 4864K, reserved 1048576K
Event: 4.565 GC heap after
Heap after GC invocations=8 (full 2):
 PSYoungGen      total 102400K, used 0K [0x00000000d6c00000, 0x00000000dde00000, 0x0000000100000000)
  eden space 93184K, 0% used [0x00000000d6c00000,0x00000000d6c00000,0x00000000dc700000)
  from space 9216K, 0% used [0x00000000dd380000,0x00000000dd380000,0x00000000ddc80000)
  to   space 11776K, 0% used [0x00000000dc700000,0x00000000dc700000,0x00000000dd280000)
 ParOldGen       total 88576K, used 15365K [0x0000000084400000, 0x0000000089a80000, 0x00000000d6c00000)
  object space 88576K, 17% used [0x0000000084400000,0x0000000085301570,0x0000000089a80000)
 Metaspace       used 33727K, capacity 35262K, committed 35496K, reserved 1079296K
  class space    used 4479K, capacity 4788K, committed 4864K, reserved 1048576K
}
Event: 5.782 GC heap before
{Heap before GC invocations=9 (full 2):
 PSYoungGen      total 102400K, used 93184K [0x00000000d6c00000, 0x00000000dde00000, 0x0000000100000000)
  eden space 93184K, 100% used [0x00000000d6c00000,0x00000000dc700000,0x00000000dc700000)
  from space 9216K, 0% used [0x00000000dd380000,0x00000000dd380000,0x00000000ddc80000)
  to   space 11776K, 0% used [0x00000000dc700000,0x00000000dc700000,0x00000000dd280000)
 ParOldGen       total 88576K, used 15365K [0x0000000084400000, 0x0000000089a80000, 0x00000000d6c00000)
  object space 88576K, 17% used [0x0000000084400000,0x0000000085301570,0x0000000089a80000)
 Metaspace       used 41848K, capacity 44406K, committed 44544K, reserved 1087488K
  class space    used 5670K, capacity 6120K, committed 6144K, reserved 1048576K
Event: 5.798 GC heap after
Heap after GC invocations=9 (full 2):
 PSYoungGen      total 104960K, used 11747K [0x00000000d6c00000, 0x00000000e0f00000, 0x0000000100000000)
  eden space 93184K, 0% used [0x00000000d6c00000,0x00000000d6c00000,0x00000000dc700000)
  from space 11776K, 99% used [0x00000000dc700000,0x00000000dd278cc0,0x00000000dd280000)
  to   space 14336K, 0% used [0x00000000e0100000,0x00000000e0100000,0x00000000e0f00000)
 ParOldGen       total 88576K, used 17699K [0x0000000084400000, 0x0000000089a80000, 0x00000000d6c00000)
  object space 88576K, 19% used [0x0000000084400000,0x0000000085548d80,0x0000000089a80000)
 Metaspace       used 41848K, capacity 44406K, committed 44544K, reserved 1087488K
  class space    used 5670K, capacity 6120K, committed 6144K, reserved 1048576K
}
Event: 43040.672 GC heap before
{Heap before GC invocations=10 (full 2):
 PSYoungGen      total 104960K, used 104931K [0x00000000d6c00000, 0x00000000e0f00000, 0x0000000100000000)
  eden space 93184K, 100% used [0x00000000d6c00000,0x00000000dc700000,0x00000000dc700000)
  from space 11776K, 99% used [0x00000000dc700000,0x00000000dd278cc0,0x00000000dd280000)
  to   space 14336K, 0% used [0x00000000e0100000,0x00000000e0100000,0x00000000e0f00000)
 ParOldGen       total 88576K, used 17699K [0x0000000084400000, 0x0000000089a80000, 0x00000000d6c00000)
  object space 88576K, 19% used [0x0000000084400000,0x0000000085548d80,0x0000000089a80000)
 Metaspace       used 42715K, capacity 45302K, committed 45568K, reserved 1089536K
  class space    used 5677K, capacity 6124K, committed 6144K, reserved 1048576K
Event: 43041.011 GC heap after
Heap after GC invocations=10 (full 2):
 PSYoungGen      total 139264K, used 6658K [0x00000000d6c00000, 0x00000000e0880000, 0x0000000100000000)
  eden space 131584K, 0% used [0x00000000d6c00000,0x00000000d6c00000,0x00000000dec80000)
  from space 7680K, 86% used [0x00000000e0100000,0x00000000e07809a0,0x00000000e0880000)
  to   space 14336K, 0% used [0x00000000dec80000,0x00000000dec80000,0x00000000dfa80000)
 ParOldGen       total 88576K, used 17707K [0x0000000084400000, 0x0000000089a80000, 0x00000000d6c00000)
  object space 88576K, 19% used [0x0000000084400000,0x000000008554ad80,0x0000000089a80000)
 Metaspace       used 42715K, capacity 45302K, committed 45568K, reserved 1089536K
  class space    used 5677K, capacity 6124K, committed 6144K, reserved 1048576K
}

Deoptimization events (10 events):
Event: 917.046 Thread 0x000000002082b800 Uncommon trap: reason=array_check action=maybe_recompile pc=0x0000000003e8be00 method=java.util.Arrays.fill([Ljava/lang/Object;IILjava/lang/Object;)V @ 20
Event: 4056.838 Thread 0x000000001e80d800 Uncommon trap: reason=predicate action=maybe_recompile pc=0x0000000003f87778 method=java.util.AbstractCollection.toArray([Ljava/lang/Object;)[Ljava/lang/Object; @ 49
Event: 4317.101 Thread 0x000000001e80d800 Uncommon trap: reason=array_check action=maybe_recompile pc=0x0000000003f8ae6c method=java.util.AbstractCollection.toArray([Ljava/lang/Object;)[Ljava/lang/Object; @ 119
Event: 4317.108 Thread 0x000000001e80d800 Uncommon trap: reason=array_check action=maybe_recompile pc=0x0000000003f8ae6c method=java.util.AbstractCollection.toArray([Ljava/lang/Object;)[Ljava/lang/Object; @ 119
Event: 4317.109 Thread 0x000000001e80d800 Uncommon trap: reason=array_check action=maybe_recompile pc=0x0000000003f8ae6c method=java.util.AbstractCollection.toArray([Ljava/lang/Object;)[Ljava/lang/Object; @ 119
Event: 4327.125 Thread 0x000000001e80d800 Uncommon trap: reason=array_check action=maybe_recompile pc=0x0000000003f8ae6c method=java.util.AbstractCollection.toArray([Ljava/lang/Object;)[Ljava/lang/Object; @ 119
Event: 5768.512 Thread 0x000000001e80d800 Uncommon trap: reason=unstable_if action=reinterpret pc=0x0000000003f8b9c0 method=java.util.concurrent.ScheduledThreadPoolExecutor$ScheduledFutureTask.compareTo(Ljava/util/concurrent/Delayed;)I @ 40
Event: 5828.517 Thread 0x000000001e80b800 Uncommon trap: reason=unstable_if action=reinterpret pc=0x0000000003316bc8 method=java.util.concurrent.ScheduledThreadPoolExecutor$ScheduledFutureTask.compareTo(Ljava/util/concurrent/Delayed;)I @ 40
Event: 29696.743 Thread 0x000000001e80b800 Uncommon trap: reason=unstable_if action=reinterpret pc=0x0000000003f9899c method=java.util.concurrent.locks.AbstractQueuedSynchronizer.transferForSignal(Ljava/util/concurrent/locks/AbstractQueuedSynchronizer$Node;)Z @ 7
Event: 41650.506 Thread 0x000000001e80b800 Uncommon trap: reason=unstable_if action=reinterpret pc=0x0000000003f8d11c method=java.util.concurrent.locks.AbstractQueuedSynchronizer.acquireQueued(Ljava/util/concurrent/locks/AbstractQueuedSynchronizer$Node;I)Z @ 17

Classes redefined (0 events):
No events

Internal exceptions (10 events):
Event: 5.688 Thread 0x0000000003079800 Exception <a 'java/lang/ClassNotFoundException': org/springframework/context/ApplicationEventPublisherAwareCustomizer> (0x00000000dc1d2460) thrown at [C:\re\workspace\8-2-build-windows-amd64-cygwin\jdk8u231\13620\hotspot\src\share\vm\classfile\systemDicti
Event: 5.689 Thread 0x0000000003079800 Exception <a 'java/lang/ClassNotFoundException': org/springframework/beans/factory/AwareCustomizer> (0x00000000dc1e2bc8) thrown at [C:\re\workspace\8-2-build-windows-amd64-cygwin\jdk8u231\13620\hotspot\src\share\vm\classfile\systemDictionary.cpp, line 210
Event: 5.690 Thread 0x0000000003079800 Exception <a 'java/lang/ClassNotFoundException': java/lang/ObjectCustomizer> (0x00000000dc1ef8e0) thrown at [C:\re\workspace\8-2-build-windows-amd64-cygwin\jdk8u231\13620\hotspot\src\share\vm\classfile\systemDictionary.cpp, line 210]
Event: 5.690 Thread 0x0000000003079800 Exception <a 'java/lang/ClassNotFoundException': org/springframework/core/io/support/PropertiesLoaderSupportCustomizer> (0x00000000dc205e38) thrown at [C:\re\workspace\8-2-build-windows-amd64-cygwin\jdk8u231\13620\hotspot\src\share\vm\classfile\systemDict
Event: 5.691 Thread 0x0000000003079800 Exception <a 'java/lang/ClassNotFoundException': org/springframework/beans/factory/config/PropertiesFactoryBeanCustomizer> (0x00000000dc222860) thrown at [C:\re\workspace\8-2-build-windows-amd64-cygwin\jdk8u231\13620\hotspot\src\share\vm\classfile\systemD
Event: 5.692 Thread 0x0000000003079800 Exception <a 'java/lang/ClassNotFoundException': org/springframework/beans/factory/FactoryBeanCustomizer> (0x00000000dc245cb8) thrown at [C:\re\workspace\8-2-build-windows-amd64-cygwin\jdk8u231\13620\hotspot\src\share\vm\classfile\systemDictionary.cpp, li
Event: 5.692 Thread 0x0000000003079800 Exception <a 'java/lang/ClassNotFoundException': org/springframework/beans/factory/InitializingBeanCustomizer> (0x00000000dc25a288) thrown at [C:\re\workspace\8-2-build-windows-amd64-cygwin\jdk8u231\13620\hotspot\src\share\vm\classfile\systemDictionary.cp
Event: 5.751 Thread 0x0000000003079800 Exception <a 'java/lang/ClassNotFoundException': java/lang/ObjectCustomizer> (0x00000000dc592e70) thrown at [C:\re\workspace\8-2-build-windows-amd64-cygwin\jdk8u231\13620\hotspot\src\share\vm\classfile\systemDictionary.cpp, line 210]
Event: 5.752 Thread 0x0000000003079800 Exception <a 'java/lang/ClassNotFoundException': com/mindex/challenge/data/EmployeeCustomizer> (0x00000000dc5a4a28) thrown at [C:\re\workspace\8-2-build-windows-amd64-cygwin\jdk8u231\13620\hotspot\src\share\vm\classfile\systemDictionary.cpp, line 210]
Event: 5.859 Thread 0x0000000003079800 Exception <a 'java/lang/ClassCastException': org.springframework.web.client.RestTemplate cannot be cast to com.mindex.challenge.Execute> (0x00000000d6f52898) thrown at [C:\re\workspace\8-2-build-windows-amd64-cygwin\jdk8u231\13620\hotspot\src\share\vm\int

Events (10 events):
Event: 51836.872 Thread 0x00000000193b5800 flushing nmethod 0x0000000003cd4090
Event: 51836.874 Thread 0x00000000193b5800 flushing nmethod 0x0000000003cda850
Event: 51894.640 Thread 0x00000000193af000 flushing nmethod 0x0000000003cded50
Event: 51894.669 Thread 0x00000000193af000 flushing nmethod 0x0000000003dd9750
Event: 51894.670 Thread 0x00000000193af000 flushing nmethod 0x0000000003de6ad0
Event: 51894.671 Thread 0x00000000193af000 flushing nmethod 0x0000000003de8950
Event: 51894.675 Thread 0x00000000193af000 flushing nmethod 0x0000000003e05c10
Event: 52187.092 Thread 0x00000000193b5800 flushing nmethod 0x0000000003e59c10
Event: 52197.112 Thread 0x00000000193b5800 flushing nmethod 0x0000000003ef75d0
Event: 52197.130 Thread 0x00000000193b5800 flushing nmethod 0x0000000003f97d90


Dynamic libraries:
0x00007ff725700000 - 0x00007ff725737000 	C:\Program Files\Java\jre1.8.0_231\bin\javaw.exe
0x00007ffdaa860000 - 0x00007ffdaaa69000 	C:\WINDOWS\SYSTEM32\ntdll.dll
0x00007ffda9060000 - 0x00007ffda911d000 	C:\WINDOWS\System32\KERNEL32.DLL
0x00007ffda8190000 - 0x00007ffda8514000 	C:\WINDOWS\System32\KERNELBASE.dll
0x00007ffda1780000 - 0x00007ffda1812000 	C:\WINDOWS\SYSTEM32\apphelp.dll
0x00007ffd4a370000 - 0x00007ffd4a818000 	C:\WINDOWS\SYSTEM32\AcLayers.DLL
0x00007ffda9e90000 - 0x00007ffda9f33000 	C:\WINDOWS\System32\msvcrt.dll
0x00007ffda8e90000 - 0x00007ffda8eed000 	C:\WINDOWS\System32\SHLWAPI.dll
0x00007ffd4a190000 - 0x00007ffd4a1a1000 	C:\WINDOWS\SYSTEM32\SortWindows61.dll
0x00007ffda8d30000 - 0x00007ffda8dde000 	C:\WINDOWS\System32\ADVAPI32.dll
0x00007ffdaa710000 - 0x00007ffdaa7ae000 	C:\WINDOWS\System32\sechost.dll
0x00007ffda9570000 - 0x00007ffda9691000 	C:\WINDOWS\System32\RPCRT4.dll
0x00007ffda9ce0000 - 0x00007ffda9e8d000 	C:\WINDOWS\System32\USER32.dll
0x00007ffda7f80000 - 0x00007ffda7fa6000 	C:\WINDOWS\System32\win32u.dll
0x00007ffda96a0000 - 0x00007ffda96ca000 	C:\WINDOWS\System32\GDI32.dll
0x00007ffda8070000 - 0x00007ffda818e000 	C:\WINDOWS\System32\gdi32full.dll
0x00007ffda8610000 - 0x00007ffda86ad000 	C:\WINDOWS\System32\msvcp_win.dll
0x00007ffda7cf0000 - 0x00007ffda7e01000 	C:\WINDOWS\System32\ucrtbase.dll
0x00007ffd96df0000 - 0x00007ffd97095000 	C:\WINDOWS\WinSxS\amd64_microsoft.windows.common-controls_6595b64144ccf1df_6.0.22000.120_none_9d947278b86cc467\COMCTL32.dll
0x00007ffda9ca0000 - 0x00007ffda9cd1000 	C:\WINDOWS\System32\IMM32.DLL
0x000000005d8e0000 - 0x000000005d9b2000 	C:\Program Files\Java\jre1.8.0_231\bin\msvcr100.dll
0x000000005c710000 - 0x000000005cfb6000 	C:\Program Files\Java\jre1.8.0_231\bin\server\jvm.dll
0x00007ffda9560000 - 0x00007ffda9568000 	C:\WINDOWS\System32\PSAPI.DLL
0x00007ffd95e90000 - 0x00007ffd95e99000 	C:\WINDOWS\SYSTEM32\WSOCK32.dll
0x00007ffdaa7b0000 - 0x00007ffdaa81f000 	C:\WINDOWS\System32\WS2_32.dll
0x00007ffda22f0000 - 0x00007ffda2323000 	C:\WINDOWS\SYSTEM32\WINMM.dll
0x00007ffd965d0000 - 0x00007ffd965da000 	C:\WINDOWS\SYSTEM32\VERSION.dll
0x00007ffda0f90000 - 0x00007ffda0f9f000 	C:\Program Files\Java\jre1.8.0_231\bin\verify.dll
0x00007ffd9ffa0000 - 0x00007ffd9ffc9000 	C:\Program Files\Java\jre1.8.0_231\bin\java.dll
0x00007ffd94dc0000 - 0x00007ffd94dd6000 	C:\Program Files\Java\jre1.8.0_231\bin\zip.dll
0x00007ffda9f40000 - 0x00007ffdaa705000 	C:\WINDOWS\System32\SHELL32.dll
0x00007ffda5d80000 - 0x00007ffda65e2000 	C:\WINDOWS\SYSTEM32\windows.storage.dll
0x00007ffda89b0000 - 0x00007ffda8d26000 	C:\WINDOWS\System32\combase.dll
0x00007ffda5c10000 - 0x00007ffda5d77000 	C:\WINDOWS\SYSTEM32\wintypes.dll
0x00007ffda8f70000 - 0x00007ffda905a000 	C:\WINDOWS\System32\SHCORE.dll
0x00007ffda7c20000 - 0x00007ffda7c45000 	C:\WINDOWS\SYSTEM32\profapi.dll
0x00007ffda0940000 - 0x00007ffda094d000 	C:\Program Files\Java\jre1.8.0_231\bin\management.dll
0x00007ffd934b0000 - 0x00007ffd934ca000 	C:\Program Files\Java\jre1.8.0_231\bin\net.dll
0x00007ffda7280000 - 0x00007ffda72e7000 	C:\WINDOWS\system32\mswsock.dll
0x00007ffd7f660000 - 0x00007ffd7f677000 	C:\WINDOWS\system32\napinsp.dll
0x00007ffd7f640000 - 0x00007ffd7f65b000 	C:\WINDOWS\system32\pnrpnsp.dll
0x00007ffda6870000 - 0x00007ffda6957000 	C:\WINDOWS\SYSTEM32\DNSAPI.dll
0x00007ffda6840000 - 0x00007ffda686d000 	C:\WINDOWS\SYSTEM32\IPHLPAPI.DLL
0x00007ffda9c70000 - 0x00007ffda9c79000 	C:\WINDOWS\System32\NSI.dll
0x00007ffd7f620000 - 0x00007ffd7f632000 	C:\WINDOWS\System32\winrnr.dll
0x00007ffd7f600000 - 0x00007ffd7f615000 	C:\WINDOWS\system32\wshbth.dll
0x00007ffd7dd70000 - 0x00007ffd7dd8f000 	C:\WINDOWS\system32\nlansp_c.dll
0x00007ffd97470000 - 0x00007ffd9747a000 	C:\Windows\System32\rasadhlp.dll
0x00007ffd97290000 - 0x00007ffd97312000 	C:\WINDOWS\System32\fwpuclnt.dll
0x00007ffd93490000 - 0x00007ffd934a2000 	C:\Program Files\Java\jre1.8.0_231\bin\nio.dll
0x00007ffda74c0000 - 0x00007ffda74d8000 	C:\WINDOWS\SYSTEM32\CRYPTSP.dll
0x00007ffda6c90000 - 0x00007ffda6cc5000 	C:\WINDOWS\system32\rsaenh.dll
0x00007ffda7370000 - 0x00007ffda739c000 	C:\WINDOWS\SYSTEM32\USERENV.dll
0x00007ffda7640000 - 0x00007ffda7667000 	C:\WINDOWS\SYSTEM32\bcrypt.dll
0x00007ffda8590000 - 0x00007ffda860f000 	C:\WINDOWS\System32\bcryptprimitives.dll
0x00007ffda7600000 - 0x00007ffda760c000 	C:\WINDOWS\SYSTEM32\CRYPTBASE.dll
0x00007ffd9c5f0000 - 0x00007ffd9c609000 	C:\WINDOWS\SYSTEM32\dhcpcsvc6.DLL
0x00007ffd9cfb0000 - 0x00007ffd9cfce000 	C:\WINDOWS\SYSTEM32\dhcpcsvc.DLL

VM Arguments:
jvm_args: -Dfile.encoding=Cp1252 
java_command: com.mindex.challenge.ChallengeApplication
java_class_path (initial): C:\Users\hhend\Downloads\mindex-java-code-challenge\mindex-java-code-challenge\bin\main;C:\Users\hhend\.gradle\caches\modules-2\files-2.1\org.springframework.boot\spring-boot-starter-web\2.2.0.RELEASE\a63661766218b06e540e58f7f3d4cf64278af92c\spring-boot-starter-web-2.2.0.RELEASE.jar;C:\Users\hhend\.gradle\caches\modules-2\files-2.1\org.springframework.boot\spring-boot-starter-data-mongodb\2.2.0.RELEASE\c6cec931c76070b4b6ca28c5bb33a869641309bf\spring-boot-starter-data-mongodb-2.2.0.RELEASE.jar;C:\Users\hhend\.gradle\caches\modules-2\files-2.1\de.bwaldvogel\mongo-java-server\1.25.0\1fc0f0285072eb1bfebc42493b612398589c883d\mongo-java-server-1.25.0.jar;C:\Users\hhend\.gradle\caches\modules-2\files-2.1\org.springframework.boot\spring-boot-starter-json\2.2.0.RELEASE\72459189c5a602f1e651c8e2a4547889dc691139\spring-boot-starter-json-2.2.0.RELEASE.jar;C:\Users\hhend\.gradle\caches\modules-2\files-2.1\org.springframework.boot\spring-boot-starter-validation\2.2.0.RELEASE\ab315d2930808b87908be42e19f64a1d5afbb012\spring-boot-starter-validation-2.2.0.RELEASE.jar;C:\Users\hhend\.gradle\caches\modules-2\files-2.1\org.springframework.boot\spring-boot-starter\2.2.0.RELEASE\47b669895fc0e5bb8e5a54b7171029223f899cde\spring-boot-starter-2.2.0.RELEASE.jar;C:\Users\hhend\.gradle\caches\modules-2\files-2.1\org.springframework.boot\spring-boot-starter-tomcat\2.2.0.RELEASE\e305bc0fec134a639c10c9d48885db88951ea318\spring-boot-starter-tomcat-2.2.0.RELEASE.jar;C:\Users\hhend\.gradle\caches\modules-2\files-2.1\org.springframework\spring-webmvc\5.2.0.RELEASE\652abc943904d67504dc822197868cafaa5e56b5\spring-webmvc-5.2.0.RELEASE.jar;C:\Users\hhend\.gradle\caches\modules-2\files-2.1\org.springframework\spring-web\5.2.0.RELEASE\d5b064196dc014519e751df549b4cc6a753fb191\spring-web-5.2.0.RELEASE.jar;C:\Users\hhend\.gradle\caches\modules-2\files-2.1\org.mongodb\mongodb-driver\3.11.1\e05980265461daaf7905db90bb37c9a35e4ede6e\mongodb-driver-3.11.1.jar;C:\Users\hhend\.gradle\caches
Launcher Type: SUN_STANDARD

Environment Variables:
PATH=C:/Program Files/Java/jre1.8.0_331/bin/server;C:/Program Files/Java/jre1.8.0_331/bin;C:/Program Files/Java/jre1.8.0_331/lib/amd64;C:\Python39\Scripts\;C:\Python39\;C:\Program Files (x86)\Common Files\Oracle\Java\javapath;C:\WINDOWS\system32;C:\WINDOWS;C:\WINDOWS\System32\Wbem;C:\WINDOWS\System32\WindowsPowerShell\v1.0\;C:\WINDOWS\System32\OpenSSH\;C:\Program Files\nodejs\;C:\ProgramData\chocolatey\bin;C:\Program Files\dotnet\;C:\Program Files\Git\cmd;C:\Program Files\WireGuard\;C:\Users\hhend\AppData\Local\Microsoft\WindowsApps;C:\Users\hhend\AppData\Roaming\npm;C:\Users\hhend\AppData\Local\JetBrains\Toolbox\scripts;;C:\Users\hhend\OneDrive\Desktop;
USERNAME=hhend
OS=Windows_NT
PROCESSOR_IDENTIFIER=Intel64 Family 6 Model 158 Stepping 10, GenuineIntel



---------------  S Y S T E M  ---------------

OS: Windows 10.0 , 64 bit Build 22000 (10.0.22000.2360)

CPU:total 8 (initial active 8) (4 cores per cpu, 2 threads per core) family 6 model 158 stepping 10, cmov, cx8, fxsr, mmx, sse, sse2, sse3, ssse3, sse4.1, sse4.2, popcnt, avx, avx2, aes, clmul, erms, 3dnowpref, lzcnt, ht, tsc, tscinvbit, bmi1, bmi2, adx

Memory: 4k page, physical 8109908k(411996k free), swap 33275732k(8k free)

vm_info: Java HotSpot(TM) 64-Bit Server VM (25.231-b11) for windows-amd64 JRE (1.8.0_231-b11), built on Oct  5 2019 03:11:30 by "java_re" with MS VC++ 10.0 (VS2010)

time: Thu Nov 09 13:17:38 2023
timezone: Eastern Standard Time
elapsed time: 52777 seconds (0d 14h 39m 37s)

