#
# There is insufficient memory for the Java Runtime Environment to continue.
# Native memory allocation (malloc) failed to allocate 812496 bytes for Chunk::new
# Possible reasons:
#   The system is out of physical RAM or swap space
#   The process is running with CompressedOops enabled, and the Java Heap may be blocking the growth of the native heap
# Possible solutions:
#   Reduce memory load on the system
#   Increase physical memory or swap space
#   Check if swap backing store is full
#   Decrease Java heap size (-Xmx/-Xms)
#   Decrease number of Java threads
#   Decrease Java thread stack sizes (-Xss)
#   Set larger code cache with -XX:ReservedCodeCacheSize=
#   JVM is running with Unscaled Compressed Oops mode in which the Java heap is
#     placed in the first 4GB address space. The Java Heap base address is the
#     maximum limit for the native heap growth. Please use -XX:HeapBaseMinAddress
#     to set the Java Heap base and to place the Java Heap above 4GB virtual address.
# This output file may be truncated or incomplete.
#
#  Out of Memory Error (allocation.cpp:389), pid=30168, tid=0x0000000000006c08
#
# JRE version: Java(TM) SE Runtime Environment (8.0_231-b11) (build 1.8.0_231-b11)
# Java VM: Java HotSpot(TM) 64-Bit Server VM (25.231-b11 mixed mode windows-amd64 compressed oops)
# Failed to write core dump. Minidumps are not enabled by default on client versions of Windows
#

---------------  T H R E A D  ---------------

Current thread (0x00000000190f6000):  JavaThread "C2 CompilerThread2" daemon [_thread_in_native, id=27656, stack(0x000000001a580000,0x000000001a680000)]

Stack: [0x000000001a580000,0x000000001a680000]
[error occurred during error reporting (printing stack bounds), id 0xc0000005]

Native frames: (J=compiled Java code, j=interpreted, Vv=VM code, C=native code)


Current CompileTask:
C2:    866 1173   !   4       java.net.URL::<init> (543 bytes)


---------------  P R O C E S S  ---------------

Java Threads: ( => current thread )
  0x000000001b77b000 JavaThread "background-preinit" [_thread_in_Java, id=15244, stack(0x000000001c3a0000,0x000000001c4a0000)]
  0x000000001916a000 JavaThread "Service Thread" daemon [_thread_blocked, id=31060, stack(0x000000001a780000,0x000000001a880000)]
  0x00000000190f6800 JavaThread "C1 CompilerThread3" daemon [_thread_blocked, id=30544, stack(0x000000001a680000,0x000000001a780000)]
=>0x00000000190f6000 JavaThread "C2 CompilerThread2" daemon [_thread_in_native, id=27656, stack(0x000000001a580000,0x000000001a680000)]
  0x00000000190eb000 JavaThread "C2 CompilerThread1" daemon [_thread_in_native, id=31884, stack(0x000000001a480000,0x000000001a580000)]
  0x00000000190e5000 JavaThread "C2 CompilerThread0" daemon [_thread_in_native, id=35000, stack(0x000000001a380000,0x000000001a480000)]
  0x00000000190e2000 JavaThread "Attach Listener" daemon [_thread_blocked, id=34696, stack(0x000000001a280000,0x000000001a380000)]
  0x00000000190e1000 JavaThread "Signal Dispatcher" daemon [_thread_blocked, id=14260, stack(0x000000001a180000,0x000000001a280000)]
  0x000000001904b000 JavaThread "Finalizer" daemon [_thread_blocked, id=16560, stack(0x0000000019f80000,0x000000001a080000)]
  0x000000001901c000 JavaThread "Reference Handler" daemon [_thread_blocked, id=26312, stack(0x0000000019e80000,0x0000000019f80000)]
  0x0000000002da9800 JavaThread "main" [_thread_in_native, id=14124, stack(0x0000000002ca0000,0x0000000002da0000)]

Other Threads:
  0x0000000017c97000 VMThread [stack: 0x0000000019d80000,0x0000000019e80000] [id=2792]
  0x000000001919a000 WatcherThread [stack: 0x000000001a880000,0x000000001a980000] [id=14644]

VM state:not at safepoint (normal execution)

VM Mutex/Monitor currently owned by a thread: None

heap address: 0x0000000084400000, size: 1980 MB, Compressed Oops mode: 32-bit
Narrow klass base: 0x0000000000000000, Narrow klass shift: 3
Compressed class space size: 1073741824 Address: 0x0000000100000000

Heap:
 PSYoungGen      total 36864K, used 21659K [0x00000000d6c00000, 0x00000000d9500000, 0x0000000100000000)
  eden space 31744K, 52% used [0x00000000d6c00000,0x00000000d7c2df30,0x00000000d8b00000)
  from space 5120K, 99% used [0x00000000d9000000,0x00000000d94f8e48,0x00000000d9500000)
  to   space 5120K, 0% used [0x00000000d8b00000,0x00000000d8b00000,0x00000000d9000000)
 ParOldGen       total 84992K, used 729K [0x0000000084400000, 0x0000000089700000, 0x00000000d6c00000)
  object space 84992K, 0% used [0x0000000084400000,0x00000000844b6570,0x0000000089700000)
 Metaspace       used 15359K, capacity 15928K, committed 16128K, reserved 1062912K
  class space    used 2071K, capacity 2221K, committed 2304K, reserved 1048576K

Card table byte_map: [0x0000000012260000,0x0000000012640000] byte_map_base: 0x0000000011e3e000

Marking Bits: (ParMarkBitMap*) 0x000000005cf36d90
 Begin Bits: [0x00000000130e0000, 0x0000000014fd0000)
 End Bits:   [0x0000000014fd0000, 0x0000000016ec0000)

Polling page: 0x0000000000cf0000

CodeCache: size=245760Kb used=4246Kb max_used=4258Kb free=241513Kb
 bounds [0x0000000002ea0000, 0x00000000032d0000, 0x0000000011ea0000]
 total_blobs=1629 nmethods=1288 adapters=253
 compilation: enabled

Compilation events (10 events):
Event: 0.863 Thread 0x00000000190f6800 1281       3       sun.reflect.generics.factory.CoreReflectionFactory::<init> (15 bytes)
Event: 0.863 Thread 0x00000000190f6800 nmethod 1281 0x00000000032c0950 code [0x00000000032c0aa0, 0x00000000032c0c70]
Event: 0.863 Thread 0x00000000190f6800 1284       3       sun.reflect.generics.scope.ClassScope::make (9 bytes)
Event: 0.863 Thread 0x00000000190f6800 nmethod 1284 0x00000000032c03d0 code [0x00000000032c0540, 0x00000000032c07f0]
Event: 0.863 Thread 0x00000000190f6800 1277       3       java.nio.HeapByteBuffer::get (14 bytes)
Event: 0.863 Thread 0x00000000190f6800 nmethod 1277 0x00000000032bfcd0 code [0x00000000032bfe60, 0x00000000032c0208]
Event: 0.863 Thread 0x00000000190f6800 1278       3       java.nio.Buffer::nextGetIndex (31 bytes)
Event: 0.863 Thread 0x00000000190e5000 1285       4       java.io.DataOutputStream::writeUTF (435 bytes)
Event: 0.863 Thread 0x00000000190f6800 nmethod 1278 0x00000000032bf890 code [0x00000000032bfa00, 0x00000000032bfc08]
Event: 0.864 Thread 0x00000000190f6800 1286       1       java.lang.Class$MethodArray::length (5 bytes)

GC Heap History (4 events):
Event: 0.617 GC heap before
{Heap before GC invocations=1 (full 0):
 PSYoungGen      total 36864K, used 31744K [0x00000000d6c00000, 0x00000000d9500000, 0x0000000100000000)
  eden space 31744K, 100% used [0x00000000d6c00000,0x00000000d8b00000,0x00000000d8b00000)
  from space 5120K, 0% used [0x00000000d9000000,0x00000000d9000000,0x00000000d9500000)
  to   space 5120K, 0% used [0x00000000d8b00000,0x00000000d8b00000,0x00000000d9000000)
 ParOldGen       total 84992K, used 0K [0x0000000084400000, 0x0000000089700000, 0x00000000d6c00000)
  object space 84992K, 0% used [0x0000000084400000,0x0000000084400000,0x0000000089700000)
 Metaspace       used 10249K, capacity 10494K, committed 10624K, reserved 1058816K
  class space    used 1232K, capacity 1325K, committed 1408K, reserved 1048576K
Event: 0.621 GC heap after
Heap after GC invocations=1 (full 0):
 PSYoungGen      total 36864K, used 5102K [0x00000000d6c00000, 0x00000000d9500000, 0x0000000100000000)
  eden space 31744K, 0% used [0x00000000d6c00000,0x00000000d6c00000,0x00000000d8b00000)
  from space 5120K, 99% used [0x00000000d8b00000,0x00000000d8ffb9a0,0x00000000d9000000)
  to   space 5120K, 0% used [0x00000000d9000000,0x00000000d9000000,0x00000000d9500000)
 ParOldGen       total 84992K, used 180K [0x0000000084400000, 0x0000000089700000, 0x00000000d6c00000)
  object space 84992K, 0% used [0x0000000084400000,0x000000008442d0f0,0x0000000089700000)
 Metaspace       used 10249K, capacity 10494K, committed 10624K, reserved 1058816K
  class space    used 1232K, capacity 1325K, committed 1408K, reserved 1048576K
}
Event: 0.770 GC heap before
{Heap before GC invocations=2 (full 0):
 PSYoungGen      total 36864K, used 36846K [0x00000000d6c00000, 0x00000000d9500000, 0x0000000100000000)
  eden space 31744K, 100% used [0x00000000d6c00000,0x00000000d8b00000,0x00000000d8b00000)
  from space 5120K, 99% used [0x00000000d8b00000,0x00000000d8ffb9a0,0x00000000d9000000)
  to   space 5120K, 0% used [0x00000000d9000000,0x00000000d9000000,0x00000000d9500000)
 ParOldGen       total 84992K, used 180K [0x0000000084400000, 0x0000000089700000, 0x00000000d6c00000)
  object space 84992K, 0% used [0x0000000084400000,0x000000008442d0f0,0x0000000089700000)
 Metaspace       used 13418K, capacity 13904K, committed 14080K, reserved 1060864K
  class space    used 1800K, capacity 1959K, committed 2048K, reserved 1048576K
Event: 0.774 GC heap after
Heap after GC invocations=2 (full 0):
 PSYoungGen      total 36864K, used 5091K [0x00000000d6c00000, 0x00000000d9500000, 0x0000000100000000)
  eden space 31744K, 0% used [0x00000000d6c00000,0x00000000d6c00000,0x00000000d8b00000)
  from space 5120K, 99% used [0x00000000d9000000,0x00000000d94f8e48,0x00000000d9500000)
  to   space 5120K, 0% used [0x00000000d8b00000,0x00000000d8b00000,0x00000000d9000000)
 ParOldGen       total 84992K, used 729K [0x0000000084400000, 0x0000000089700000, 0x00000000d6c00000)
  object space 84992K, 0% used [0x0000000084400000,0x00000000844b6570,0x0000000089700000)
 Metaspace       used 13418K, capacity 13904K, committed 14080K, reserved 1060864K
  class space    used 1800K, capacity 1959K, committed 2048K, reserved 1048576K
}

Deoptimization events (10 events):
Event: 0.798 Thread 0x0000000002da9800 Uncommon trap: reason=class_check action=maybe_recompile pc=0x0000000003252364 method=java.util.HashSet.contains(Ljava/lang/Object;)Z @ 5
Event: 0.802 Thread 0x0000000002da9800 Uncommon trap: reason=unstable_if action=reinterpret pc=0x0000000003125b08 method=java.util.HashMap.getNode(ILjava/lang/Object;)Ljava/util/HashMap$Node; @ 129
Event: 0.802 Thread 0x0000000002da9800 Uncommon trap: reason=class_check action=maybe_recompile pc=0x000000000327076c method=java.util.HashMap.putVal(ILjava/lang/Object;Ljava/lang/Object;ZZ)Ljava/lang/Object; @ 203
Event: 0.802 Thread 0x0000000002da9800 Uncommon trap: reason=unstable_if action=reinterpret pc=0x000000000311d53c method=java.util.HashMap.getNode(ILjava/lang/Object;)Ljava/util/HashMap$Node; @ 129
Event: 0.825 Thread 0x000000001b77b000 Uncommon trap: reason=class_check action=maybe_recompile pc=0x000000000327076c method=java.util.HashMap.putVal(ILjava/lang/Object;Ljava/lang/Object;ZZ)Ljava/lang/Object; @ 203
Event: 0.825 Thread 0x000000001b77b000 Uncommon trap: reason=class_check action=maybe_recompile pc=0x000000000327076c method=java.util.HashMap.putVal(ILjava/lang/Object;Ljava/lang/Object;ZZ)Ljava/lang/Object; @ 203
Event: 0.828 Thread 0x000000001b77b000 Uncommon trap: reason=class_check action=maybe_recompile pc=0x000000000327076c method=java.util.HashMap.putVal(ILjava/lang/Object;Ljava/lang/Object;ZZ)Ljava/lang/Object; @ 203
Event: 0.828 Thread 0x000000001b77b000 Uncommon trap: reason=class_check action=maybe_recompile pc=0x000000000326d538 method=java.util.HashMap.putVal(ILjava/lang/Object;Ljava/lang/Object;ZZ)Ljava/lang/Object; @ 203
Event: 0.837 Thread 0x0000000002da9800 Uncommon trap: reason=unstable_if action=reinterpret pc=0x00000000031d8b50 method=java.io.WinNTFileSystem.normalize(Ljava/lang/String;II)Ljava/lang/String; @ 90
Event: 0.856 Thread 0x0000000002da9800 Uncommon trap: reason=class_check action=maybe_recompile pc=0x000000000309ab14 method=java.lang.String.equals(Ljava/lang/Object;)Z @ 8

Classes redefined (0 events):
No events

Internal exceptions (10 events):
Event: 0.460 Thread 0x0000000002da9800 Exception <a 'java/lang/ArrayIndexOutOfBoundsException'> (0x00000000d7caadd0) thrown at [C:\re\workspace\8-2-build-windows-amd64-cygwin\jdk8u231\13620\hotspot\src\share\vm\runtime\sharedRuntime.cpp, line 605]
Event: 0.460 Thread 0x0000000002da9800 Exception <a 'java/lang/ArrayIndexOutOfBoundsException'> (0x00000000d7cad660) thrown at [C:\re\workspace\8-2-build-windows-amd64-cygwin\jdk8u231\13620\hotspot\src\share\vm\runtime\sharedRuntime.cpp, line 605]
Event: 0.461 Thread 0x0000000002da9800 Exception <a 'java/lang/ArrayIndexOutOfBoundsException'> (0x00000000d7cb71e0) thrown at [C:\re\workspace\8-2-build-windows-amd64-cygwin\jdk8u231\13620\hotspot\src\share\vm\runtime\sharedRuntime.cpp, line 605]
Event: 0.461 Thread 0x0000000002da9800 Exception <a 'java/lang/ArrayIndexOutOfBoundsException'> (0x00000000d7cbebd0) thrown at [C:\re\workspace\8-2-build-windows-amd64-cygwin\jdk8u231\13620\hotspot\src\share\vm\runtime\sharedRuntime.cpp, line 605]
Event: 0.461 Thread 0x0000000002da9800 Exception <a 'java/lang/ArrayIndexOutOfBoundsException'> (0x00000000d7cc0e00) thrown at [C:\re\workspace\8-2-build-windows-amd64-cygwin\jdk8u231\13620\hotspot\src\share\vm\runtime\sharedRuntime.cpp, line 605]
Event: 0.512 Thread 0x000000001b77b000 Exception <a 'java/lang/ArrayIndexOutOfBoundsException': 182> (0x00000000d7f79d60) thrown at [C:\re\workspace\8-2-build-windows-amd64-cygwin\jdk8u231\13620\hotspot\src\share\vm\interpreter\interpreterRuntime.cpp, line 368]
Event: 0.512 Thread 0x000000001b77b000 Exception <a 'java/lang/ArrayIndexOutOfBoundsException': 60> (0x00000000d7f7aea8) thrown at [C:\re\workspace\8-2-build-windows-amd64-cygwin\jdk8u231\13620\hotspot\src\share\vm\interpreter\interpreterRuntime.cpp, line 368]
Event: 0.513 Thread 0x0000000002da9800 Exception <a 'java/io/FileNotFoundException'> (0x00000000d7ef2418) thrown at [C:\re\workspace\8-2-build-windows-amd64-cygwin\jdk8u231\13620\hotspot\src\share\vm\prims\jni.cpp, line 710]
Event: 0.590 Thread 0x0000000002da9800 Exception <a 'java/lang/NoSuchMethodError': java.lang.Object.lambda$chars$0()Ljava/util/Spliterator$OfInt;> (0x00000000d87bca68) thrown at [C:\re\workspace\8-2-build-windows-amd64-cygwin\jdk8u231\13620\hotspot\src\share\vm\interpreter\linkResolver.cpp, li
Event: 0.814 Thread 0x0000000002da9800 Exception <a 'java/lang/NoClassDefFoundError': org/springframework/jdbc/CannotGetJdbcConnectionException> (0x00000000d7382470) thrown at [C:\re\workspace\8-2-build-windows-amd64-cygwin\jdk8u231\13620\hotspot\src\share\vm\classfile\systemDictionary.cpp, li

Events (10 events):
Event: 0.864 loading class org/springframework/boot/autoconfigure/AutoConfigurationExcludeFilter done
Event: 0.864 loading class com/sun/org/apache/xalan/internal/utils/XMLSecurityManager done
Event: 0.864 loading class com/sun/org/apache/xalan/internal/utils/XMLSecurityManager$Limit
Event: 0.864 loading class com/sun/org/apache/xalan/internal/utils/XMLSecurityManager$Limit done
Event: 0.864 loading class com/sun/org/apache/xalan/internal/utils/XMLSecurityManager$State
Event: 0.864 loading class com/sun/org/apache/xalan/internal/utils/XMLSecurityManager$State done
Event: 0.864 loading class com/sun/org/apache/xalan/internal/utils/XMLSecurityManager$NameMap
Event: 0.864 loading class com/sun/org/apache/xalan/internal/utils/XMLSecurityManager$NameMap done
Event: 0.864 loading class org/springframework/http/converter/xml/Jaxb2RootElementHttpMessageConverter
Event: 0.864 loading class org/springframework/http/converter/xml/Jaxb2RootElementHttpMessageConverter done


Dynamic libraries:
0x00007ff725700000 - 0x00007ff725737000 	C:\Program Files\Java\jre1.8.0_231\bin\javaw.exe
0x00007ffdaa860000 - 0x00007ffdaaa69000 	C:\WINDOWS\SYSTEM32\ntdll.dll
0x00007ffda9060000 - 0x00007ffda911d000 	C:\WINDOWS\System32\KERNEL32.DLL
0x00007ffda8190000 - 0x00007ffda8514000 	C:\WINDOWS\System32\KERNELBASE.dll
0x00007ffda1780000 - 0x00007ffda1812000 	C:\WINDOWS\SYSTEM32\apphelp.dll
0x00007ffd4a370000 - 0x00007ffd4a818000 	C:\WINDOWS\SYSTEM32\AcLayers.DLL
0x00007ffda9e90000 - 0x00007ffda9f33000 	C:\WINDOWS\System32\msvcrt.dll
0x00007ffda8e90000 - 0x00007ffda8eed000 	C:\WINDOWS\System32\SHLWAPI.dll
0x00007ffd4a190000 - 0x00007ffd4a1a1000 	C:\WINDOWS\SYSTEM32\SortWindows61.dll
0x00007ffda8d30000 - 0x00007ffda8dde000 	C:\WINDOWS\System32\ADVAPI32.dll
0x00007ffdaa710000 - 0x00007ffdaa7ae000 	C:\WINDOWS\System32\sechost.dll
0x00007ffda9570000 - 0x00007ffda9691000 	C:\WINDOWS\System32\RPCRT4.dll
0x00007ffda9ce0000 - 0x00007ffda9e8d000 	C:\WINDOWS\System32\USER32.dll
0x00007ffda7f80000 - 0x00007ffda7fa6000 	C:\WINDOWS\System32\win32u.dll
0x00007ffda96a0000 - 0x00007ffda96ca000 	C:\WINDOWS\System32\GDI32.dll
0x00007ffda8070000 - 0x00007ffda818e000 	C:\WINDOWS\System32\gdi32full.dll
0x00007ffda8610000 - 0x00007ffda86ad000 	C:\WINDOWS\System32\msvcp_win.dll
0x00007ffda7cf0000 - 0x00007ffda7e01000 	C:\WINDOWS\System32\ucrtbase.dll
0x00007ffd96df0000 - 0x00007ffd97095000 	C:\WINDOWS\WinSxS\amd64_microsoft.windows.common-controls_6595b64144ccf1df_6.0.22000.120_none_9d947278b86cc467\COMCTL32.dll
0x00007ffda9ca0000 - 0x00007ffda9cd1000 	C:\WINDOWS\System32\IMM32.DLL
0x000000005d8e0000 - 0x000000005d9b2000 	C:\Program Files\Java\jre1.8.0_231\bin\msvcr100.dll
0x000000005c710000 - 0x000000005cfb6000 	C:\Program Files\Java\jre1.8.0_231\bin\server\jvm.dll
0x00007ffda9560000 - 0x00007ffda9568000 	C:\WINDOWS\System32\PSAPI.DLL
0x00007ffd95e90000 - 0x00007ffd95e99000 	C:\WINDOWS\SYSTEM32\WSOCK32.dll
0x00007ffd965d0000 - 0x00007ffd965da000 	C:\WINDOWS\SYSTEM32\VERSION.dll
0x00007ffda22f0000 - 0x00007ffda2323000 	C:\WINDOWS\SYSTEM32\WINMM.dll
0x00007ffdaa7b0000 - 0x00007ffdaa81f000 	C:\WINDOWS\System32\WS2_32.dll
0x00007ffda0f90000 - 0x00007ffda0f9f000 	C:\Program Files\Java\jre1.8.0_231\bin\verify.dll
0x00007ffd9ffa0000 - 0x00007ffd9ffc9000 	C:\Program Files\Java\jre1.8.0_231\bin\java.dll
0x00007ffd94dc0000 - 0x00007ffd94dd6000 	C:\Program Files\Java\jre1.8.0_231\bin\zip.dll
0x00007ffda9f40000 - 0x00007ffdaa705000 	C:\WINDOWS\System32\SHELL32.dll
0x00007ffda5d80000 - 0x00007ffda65e2000 	C:\WINDOWS\SYSTEM32\windows.storage.dll
0x00007ffda89b0000 - 0x00007ffda8d26000 	C:\WINDOWS\System32\combase.dll
0x00007ffda5c10000 - 0x00007ffda5d77000 	C:\WINDOWS\SYSTEM32\wintypes.dll
0x00007ffda8f70000 - 0x00007ffda905a000 	C:\WINDOWS\System32\SHCORE.dll
0x00007ffda7c20000 - 0x00007ffda7c45000 	C:\WINDOWS\SYSTEM32\profapi.dll
0x00007ffda0940000 - 0x00007ffda094d000 	C:\Program Files\Java\jre1.8.0_231\bin\management.dll
0x00007ffd934b0000 - 0x00007ffd934ca000 	C:\Program Files\Java\jre1.8.0_231\bin\net.dll
0x00007ffda7280000 - 0x00007ffda72e7000 	C:\WINDOWS\system32\mswsock.dll
0x00007ffd7f660000 - 0x00007ffd7f677000 	C:\WINDOWS\system32\napinsp.dll
0x00007ffd7f640000 - 0x00007ffd7f65b000 	C:\WINDOWS\system32\pnrpnsp.dll
0x00007ffda6870000 - 0x00007ffda6957000 	C:\WINDOWS\SYSTEM32\DNSAPI.dll
0x00007ffda6840000 - 0x00007ffda686d000 	C:\WINDOWS\SYSTEM32\IPHLPAPI.DLL
0x00007ffda9c70000 - 0x00007ffda9c79000 	C:\WINDOWS\System32\NSI.dll
0x00007ffd7f620000 - 0x00007ffd7f632000 	C:\WINDOWS\System32\winrnr.dll
0x00007ffd7f600000 - 0x00007ffd7f615000 	C:\WINDOWS\system32\wshbth.dll
0x00007ffd7dd70000 - 0x00007ffd7dd8f000 	C:\WINDOWS\system32\nlansp_c.dll
0x00007ffd97470000 - 0x00007ffd9747a000 	C:\Windows\System32\rasadhlp.dll
0x00007ffd97290000 - 0x00007ffd97312000 	C:\WINDOWS\System32\fwpuclnt.dll

VM Arguments:
jvm_args: -Dfile.encoding=Cp1252 
java_command: com.mindex.challenge.ChallengeApplication
java_class_path (initial): C:\Users\hhend\Downloads\mindex-java-code-challenge\mindex-java-code-challenge\bin\main;C:\Users\hhend\.gradle\caches\modules-2\files-2.1\org.springframework.boot\spring-boot-starter-web\2.2.0.RELEASE\a63661766218b06e540e58f7f3d4cf64278af92c\spring-boot-starter-web-2.2.0.RELEASE.jar;C:\Users\hhend\.gradle\caches\modules-2\files-2.1\org.springframework.boot\spring-boot-starter-data-mongodb\2.2.0.RELEASE\c6cec931c76070b4b6ca28c5bb33a869641309bf\spring-boot-starter-data-mongodb-2.2.0.RELEASE.jar;C:\Users\hhend\.gradle\caches\modules-2\files-2.1\de.bwaldvogel\mongo-java-server\1.25.0\1fc0f0285072eb1bfebc42493b612398589c883d\mongo-java-server-1.25.0.jar;C:\Users\hhend\.gradle\caches\modules-2\files-2.1\org.springframework.boot\spring-boot-starter-json\2.2.0.RELEASE\72459189c5a602f1e651c8e2a4547889dc691139\spring-boot-starter-json-2.2.0.RELEASE.jar;C:\Users\hhend\.gradle\caches\modules-2\files-2.1\org.springframework.boot\spring-boot-starter-validation\2.2.0.RELEASE\ab315d2930808b87908be42e19f64a1d5afbb012\spring-boot-starter-validation-2.2.0.RELEASE.jar;C:\Users\hhend\.gradle\caches\modules-2\files-2.1\org.springframework.boot\spring-boot-starter\2.2.0.RELEASE\47b669895fc0e5bb8e5a54b7171029223f899cde\spring-boot-starter-2.2.0.RELEASE.jar;C:\Users\hhend\.gradle\caches\modules-2\files-2.1\org.springframework.boot\spring-boot-starter-tomcat\2.2.0.RELEASE\e305bc0fec134a639c10c9d48885db88951ea318\spring-boot-starter-tomcat-2.2.0.RELEASE.jar;C:\Users\hhend\.gradle\caches\modules-2\files-2.1\org.springframework\spring-webmvc\5.2.0.RELEASE\652abc943904d67504dc822197868cafaa5e56b5\spring-webmvc-5.2.0.RELEASE.jar;C:\Users\hhend\.gradle\caches\modules-2\files-2.1\org.springframework\spring-web\5.2.0.RELEASE\d5b064196dc014519e751df549b4cc6a753fb191\spring-web-5.2.0.RELEASE.jar;C:\Users\hhend\.gradle\caches\modules-2\files-2.1\org.mongodb\mongodb-driver\3.11.1\e05980265461daaf7905db90bb37c9a35e4ede6e\mongodb-driver-3.11.1.jar;C:\Users\hhend\.gradle\caches
Launcher Type: SUN_STANDARD

Environment Variables:
PATH=C:/Program Files/Java/jre1.8.0_331/bin/server;C:/Program Files/Java/jre1.8.0_331/bin;C:/Program Files/Java/jre1.8.0_331/lib/amd64;C:\Python39\Scripts\;C:\Python39\;C:\Program Files (x86)\Common Files\Oracle\Java\javapath;C:\WINDOWS\system32;C:\WINDOWS;C:\WINDOWS\System32\Wbem;C:\WINDOWS\System32\WindowsPowerShell\v1.0\;C:\WINDOWS\System32\OpenSSH\;C:\Program Files\nodejs\;C:\ProgramData\chocolatey\bin;C:\Program Files\dotnet\;C:\Program Files\Git\cmd;C:\Program Files\WireGuard\;C:\Users\hhend\AppData\Local\Microsoft\WindowsApps;C:\Users\hhend\AppData\Roaming\npm;C:\Users\hhend\AppData\Local\JetBrains\Toolbox\scripts;;C:\Users\hhend\OneDrive\Desktop;
USERNAME=hhend
OS=Windows_NT
PROCESSOR_IDENTIFIER=Intel64 Family 6 Model 158 Stepping 10, GenuineIntel



---------------  S Y S T E M  ---------------

OS: Windows 10.0 , 64 bit Build 22000 (10.0.22000.2360)

CPU:total 8 (initial active 8) (4 cores per cpu, 2 threads per core) family 6 model 158 stepping 10, cmov, cx8, fxsr, mmx, sse, sse2, sse3, ssse3, sse4.1, sse4.2, popcnt, avx, avx2, aes, clmul, erms, 3dnowpref, lzcnt, ht, tsc, tscinvbit, bmi1, bmi2, adx

Memory: 4k page, physical 8109908k(426488k free), swap 33275732k(5572k free)

vm_info: Java HotSpot(TM) 64-Bit Server VM (25.231-b11) for windows-amd64 JRE (1.8.0_231-b11), built on Oct  5 2019 03:11:30 by "java_re" with MS VC++ 10.0 (VS2010)

time: Thu Nov 09 13:29:23 2023
timezone: Eastern Standard Time
elapsed time: 0 seconds (0d 0h 0m 0s)

