#
# There is insufficient memory for the Java Runtime Environment to continue.
# Native memory allocation (malloc) failed to allocate 1447376 bytes for Chunk::new
# Possible reasons:
#   The system is out of physical RAM or swap space
#   The process is running with CompressedOops enabled, and the Java Heap may be blocking the growth of the native heap
# Possible solutions:
#   Reduce memory load on the system
#   Increase physical memory or swap space
#   Check if swap backing store is full
#   Decrease Java heap size (-Xmx/-Xms)
#   Decrease number of Java threads
#   Decrease Java thread stack sizes (-Xss)
#   Set larger code cache with -XX:ReservedCodeCacheSize=
#   JVM is running with Unscaled Compressed Oops mode in which the Java heap is
#     placed in the first 4GB address space. The Java Heap base address is the
#     maximum limit for the native heap growth. Please use -XX:HeapBaseMinAddress
#     to set the Java Heap base and to place the Java Heap above 4GB virtual address.
# This output file may be truncated or incomplete.
#
#  Out of Memory Error (allocation.cpp:389), pid=19592, tid=0x0000000000000a50
#
# JRE version: Java(TM) SE Runtime Environment (8.0_231-b11) (build 1.8.0_231-b11)
# Java VM: Java HotSpot(TM) 64-Bit Server VM (25.231-b11 mixed mode windows-amd64 compressed oops)
# Failed to write core dump. Minidumps are not enabled by default on client versions of Windows
#

---------------  T H R E A D  ---------------

Current thread (0x000000001961e000):  JavaThread "C2 CompilerThread1" daemon [_thread_in_native, id=2640, stack(0x000000001a9b0000,0x000000001aab0000)]

Stack: [0x000000001a9b0000,0x000000001aab0000]
[error occurred during error reporting (printing stack bounds), id 0xc0000005]

Native frames: (J=compiled Java code, j=interpreted, Vv=VM code, C=native code)


Current CompileTask:
C2:   3894 2361   !   4       java.net.URLClassLoader$1::run (63 bytes)


---------------  P R O C E S S  ---------------

Java Threads: ( => current thread )
  0x00000000196a2000 JavaThread "Service Thread" daemon [_thread_blocked, id=25368, stack(0x000000001acb0000,0x000000001adb0000)]
  0x0000000019626800 JavaThread "C1 CompilerThread3" daemon [_thread_blocked, id=20748, stack(0x000000001abb0000,0x000000001acb0000)]
  0x0000000019621800 JavaThread "C2 CompilerThread2" daemon [_thread_in_native, id=29796, stack(0x000000001aab0000,0x000000001abb0000)]
=>0x000000001961e000 JavaThread "C2 CompilerThread1" daemon [_thread_in_native, id=2640, stack(0x000000001a9b0000,0x000000001aab0000)]
  0x0000000019619000 JavaThread "C2 CompilerThread0" daemon [_thread_blocked, id=2836, stack(0x000000001a8b0000,0x000000001a9b0000)]
  0x0000000019612000 JavaThread "Attach Listener" daemon [_thread_blocked, id=560, stack(0x000000001a7b0000,0x000000001a8b0000)]
  0x0000000019611000 JavaThread "Signal Dispatcher" daemon [_thread_blocked, id=19228, stack(0x000000001a6b0000,0x000000001a7b0000)]
  0x000000001957b000 JavaThread "Finalizer" daemon [_thread_blocked, id=17364, stack(0x000000001a4b0000,0x000000001a5b0000)]
  0x000000001954c000 JavaThread "Reference Handler" daemon [_thread_blocked, id=29424, stack(0x000000001a3b0000,0x000000001a4b0000)]
  0x00000000032c9800 JavaThread "main" [_thread_in_Java, id=27036, stack(0x00000000031c0000,0x00000000032c0000)]

Other Threads:
  0x00000000181e6800 VMThread [stack: 0x000000001a2b0000,0x000000001a3b0000] [id=18596]
  0x00000000196ca000 WatcherThread [stack: 0x000000001adb0000,0x000000001aeb0000] [id=30636]

VM state:not at safepoint (normal execution)

VM Mutex/Monitor currently owned by a thread:  ([mutex/lock_event])
[0x00000000032c65f0] SymbolTable_lock - owner thread: 0x0000000000000000

heap address: 0x0000000084400000, size: 1980 MB, Compressed Oops mode: 32-bit
Narrow klass base: 0x0000000000000000, Narrow klass shift: 3
Compressed class space size: 1073741824 Address: 0x0000000100000000

Heap:
 PSYoungGen      total 36864K, used 29809K [0x00000000d6c00000, 0x00000000dae00000, 0x0000000100000000)
  eden space 31744K, 82% used [0x00000000d6c00000,0x00000000d8582368,0x00000000d8b00000)
  from space 5120K, 72% used [0x00000000d8b00000,0x00000000d8e9a328,0x00000000d9000000)
  to   space 9216K, 0% used [0x00000000da500000,0x00000000da500000,0x00000000dae00000)
 ParOldGen       total 56320K, used 7085K [0x0000000084400000, 0x0000000087b00000, 0x00000000d6c00000)
  object space 56320K, 12% used [0x0000000084400000,0x0000000084aeb6e8,0x0000000087b00000)
 Metaspace       used 25525K, capacity 26638K, committed 26752K, reserved 1073152K
  class space    used 3373K, capacity 3616K, committed 3712K, reserved 1048576K

Card table byte_map: [0x0000000012780000,0x0000000012b60000] byte_map_base: 0x000000001235e000

Marking Bits: (ParMarkBitMap*) 0x0000000072a06d90
 Begin Bits: [0x0000000013600000, 0x00000000154f0000)
 End Bits:   [0x00000000154f0000, 0x00000000173e0000)

Polling page: 0x0000000003150000

CodeCache: size=245760Kb used=7870Kb max_used=7881Kb free=237889Kb
 bounds [0x00000000033c0000, 0x0000000003b80000, 0x00000000123c0000]
 total_blobs=2813 nmethods=2432 adapters=293
 compilation: enabled

Compilation events (10 events):
Event: 3.877 Thread 0x0000000019621800 2430       4       org.springframework.beans.factory.support.AbstractAutowireCapableBeanFactory::determineTargetType (60 bytes)
Event: 3.878 Thread 0x0000000019619000 nmethod 2411 0x0000000003b6e710 code [0x0000000003b6e8a0, 0x0000000003b6eef8]
Event: 3.880 Thread 0x0000000019626800 nmethod 2429 0x0000000003b6f910 code [0x0000000003b6fe00, 0x0000000003b735b8]
Event: 3.880 Thread 0x0000000019626800 2431       3       org.springframework.beans.factory.support.AbstractBeanDefinition::setDestroyMethodName (6 bytes)
Event: 3.880 Thread 0x0000000019621800 nmethod 2430 0x0000000003b6b450 code [0x0000000003b6b5a0, 0x0000000003b6b718]
Event: 3.880 Thread 0x0000000019626800 nmethod 2431 0x0000000003b6e3d0 code [0x0000000003b6e520, 0x0000000003b6e690]
Event: 3.884 Thread 0x0000000019626800 2432       3       org.springframework.beans.factory.support.AbstractBeanDefinition::setLenientConstructorResolution (6 bytes)
Event: 3.884 Thread 0x0000000019626800 nmethod 2432 0x0000000003b6e090 code [0x0000000003b6e1e0, 0x0000000003b6e330]
Event: 3.886 Thread 0x0000000019619000 2433       4       java.util.concurrent.CopyOnWriteArrayList$COWIterator::next (32 bytes)
Event: 3.887 Thread 0x0000000019619000 nmethod 2433 0x0000000003b6c8d0 code [0x0000000003b6ca00, 0x0000000003b6cab8]

GC Heap History (10 events):
Event: 2.168 GC heap before
{Heap before GC invocations=2 (full 0):
 PSYoungGen      total 36864K, used 36857K [0x00000000d6c00000, 0x00000000d9500000, 0x0000000100000000)
  eden space 31744K, 100% used [0x00000000d6c00000,0x00000000d8b00000,0x00000000d8b00000)
  from space 5120K, 99% used [0x00000000d8b00000,0x00000000d8ffe698,0x00000000d9000000)
  to   space 5120K, 0% used [0x00000000d9000000,0x00000000d9000000,0x00000000d9500000)
 ParOldGen       total 84992K, used 185K [0x0000000084400000, 0x0000000089700000, 0x00000000d6c00000)
  object space 84992K, 0% used [0x0000000084400000,0x000000008442e668,0x0000000089700000)
 Metaspace       used 13420K, capacity 13968K, committed 14080K, reserved 1060864K
  class space    used 1797K, capacity 1959K, committed 2048K, reserved 1048576K
Event: 2.174 GC heap after
Heap after GC invocations=2 (full 0):
 PSYoungGen      total 36864K, used 5092K [0x00000000d6c00000, 0x00000000d9500000, 0x0000000100000000)
  eden space 31744K, 0% used [0x00000000d6c00000,0x00000000d6c00000,0x00000000d8b00000)
  from space 5120K, 99% used [0x00000000d9000000,0x00000000d94f9048,0x00000000d9500000)
  to   space 5120K, 0% used [0x00000000d8b00000,0x00000000d8b00000,0x00000000d9000000)
 ParOldGen       total 84992K, used 756K [0x0000000084400000, 0x0000000089700000, 0x00000000d6c00000)
  object space 84992K, 0% used [0x0000000084400000,0x00000000844bd1f0,0x0000000089700000)
 Metaspace       used 13420K, capacity 13968K, committed 14080K, reserved 1060864K
  class space    used 1797K, capacity 1959K, committed 2048K, reserved 1048576K
}
Event: 2.509 GC heap before
{Heap before GC invocations=3 (full 0):
 PSYoungGen      total 36864K, used 36836K [0x00000000d6c00000, 0x00000000d9500000, 0x0000000100000000)
  eden space 31744K, 100% used [0x00000000d6c00000,0x00000000d8b00000,0x00000000d8b00000)
  from space 5120K, 99% used [0x00000000d9000000,0x00000000d94f9048,0x00000000d9500000)
  to   space 5120K, 0% used [0x00000000d8b00000,0x00000000d8b00000,0x00000000d9000000)
 ParOldGen       total 84992K, used 756K [0x0000000084400000, 0x0000000089700000, 0x00000000d6c00000)
  object space 84992K, 0% used [0x0000000084400000,0x00000000844bd1f0,0x0000000089700000)
 Metaspace       used 17892K, capacity 18514K, committed 18688K, reserved 1064960K
  class space    used 2332K, capacity 2502K, committed 2560K, reserved 1048576K
Event: 2.515 GC heap after
Heap after GC invocations=3 (full 0):
 PSYoungGen      total 36864K, used 5119K [0x00000000d6c00000, 0x00000000d9500000, 0x0000000100000000)
  eden space 31744K, 0% used [0x00000000d6c00000,0x00000000d6c00000,0x00000000d8b00000)
  from space 5120K, 99% used [0x00000000d8b00000,0x00000000d8fffc88,0x00000000d9000000)
  to   space 5120K, 0% used [0x00000000d9000000,0x00000000d9000000,0x00000000d9500000)
 ParOldGen       total 84992K, used 3499K [0x0000000084400000, 0x0000000089700000, 0x00000000d6c00000)
  object space 84992K, 4% used [0x0000000084400000,0x000000008476ac08,0x0000000089700000)
 Metaspace       used 17892K, capacity 18514K, committed 18688K, reserved 1064960K
  class space    used 2332K, capacity 2502K, committed 2560K, reserved 1048576K
}
Event: 2.711 GC heap before
{Heap before GC invocations=4 (full 0):
 PSYoungGen      total 36864K, used 25178K [0x00000000d6c00000, 0x00000000d9500000, 0x0000000100000000)
  eden space 31744K, 63% used [0x00000000d6c00000,0x00000000d7f96c60,0x00000000d8b00000)
  from space 5120K, 99% used [0x00000000d8b00000,0x00000000d8fffc88,0x00000000d9000000)
  to   space 5120K, 0% used [0x00000000d9000000,0x00000000d9000000,0x00000000d9500000)
 ParOldGen       total 84992K, used 3499K [0x0000000084400000, 0x0000000089700000, 0x00000000d6c00000)
  object space 84992K, 4% used [0x0000000084400000,0x000000008476ac08,0x0000000089700000)
 Metaspace       used 20516K, capacity 21152K, committed 21296K, reserved 1067008K
  class space    used 2689K, capacity 2857K, committed 2944K, reserved 1048576K
Event: 2.723 GC heap after
Heap after GC invocations=4 (full 0):
 PSYoungGen      total 36864K, used 5110K [0x00000000d6c00000, 0x00000000d9500000, 0x0000000100000000)
  eden space 31744K, 0% used [0x00000000d6c00000,0x00000000d6c00000,0x00000000d8b00000)
  from space 5120K, 99% used [0x00000000d9000000,0x00000000d94fd9d8,0x00000000d9500000)
  to   space 5120K, 0% used [0x00000000d8b00000,0x00000000d8b00000,0x00000000d9000000)
 ParOldGen       total 84992K, used 5625K [0x0000000084400000, 0x0000000089700000, 0x00000000d6c00000)
  object space 84992K, 6% used [0x0000000084400000,0x000000008497e598,0x0000000089700000)
 Metaspace       used 20516K, capacity 21152K, committed 21296K, reserved 1067008K
  class space    used 2689K, capacity 2857K, committed 2944K, reserved 1048576K
}
Event: 2.723 GC heap before
{Heap before GC invocations=5 (full 1):
 PSYoungGen      total 36864K, used 5110K [0x00000000d6c00000, 0x00000000d9500000, 0x0000000100000000)
  eden space 31744K, 0% used [0x00000000d6c00000,0x00000000d6c00000,0x00000000d8b00000)
  from space 5120K, 99% used [0x00000000d9000000,0x00000000d94fd9d8,0x00000000d9500000)
  to   space 5120K, 0% used [0x00000000d8b00000,0x00000000d8b00000,0x00000000d9000000)
 ParOldGen       total 84992K, used 5625K [0x0000000084400000, 0x0000000089700000, 0x00000000d6c00000)
  object space 84992K, 6% used [0x0000000084400000,0x000000008497e598,0x0000000089700000)
 Metaspace       used 20516K, capacity 21152K, committed 21296K, reserved 1067008K
  class space    used 2689K, capacity 2857K, committed 2944K, reserved 1048576K
Event: 2.766 GC heap after
Heap after GC invocations=5 (full 1):
 PSYoungGen      total 36864K, used 0K [0x00000000d6c00000, 0x00000000d9500000, 0x0000000100000000)
  eden space 31744K, 0% used [0x00000000d6c00000,0x00000000d6c00000,0x00000000d8b00000)
  from space 5120K, 0% used [0x00000000d9000000,0x00000000d9000000,0x00000000d9500000)
  to   space 5120K, 0% used [0x00000000d8b00000,0x00000000d8b00000,0x00000000d9000000)
 ParOldGen       total 56320K, used 7077K [0x0000000084400000, 0x0000000087b00000, 0x00000000d6c00000)
  object space 56320K, 12% used [0x0000000084400000,0x0000000084ae96e8,0x0000000087b00000)
 Metaspace       used 20514K, capacity 21146K, committed 21296K, reserved 1067008K
  class space    used 2688K, capacity 2856K, committed 2944K, reserved 1048576K
}
Event: 3.257 GC heap before
{Heap before GC invocations=6 (full 1):
 PSYoungGen      total 36864K, used 31744K [0x00000000d6c00000, 0x00000000d9500000, 0x0000000100000000)
  eden space 31744K, 100% used [0x00000000d6c00000,0x00000000d8b00000,0x00000000d8b00000)
  from space 5120K, 0% used [0x00000000d9000000,0x00000000d9000000,0x00000000d9500000)
  to   space 5120K, 0% used [0x00000000d8b00000,0x00000000d8b00000,0x00000000d9000000)
 ParOldGen       total 56320K, used 7077K [0x0000000084400000, 0x0000000087b00000, 0x00000000d6c00000)
  object space 56320K, 12% used [0x0000000084400000,0x0000000084ae96e8,0x0000000087b00000)
 Metaspace       used 22576K, capacity 23538K, committed 23808K, reserved 1069056K
  class space    used 2991K, capacity 3236K, committed 3328K, reserved 1048576K
Event: 3.261 GC heap after
Heap after GC invocations=6 (full 1):
 PSYoungGen      total 36864K, used 3688K [0x00000000d6c00000, 0x00000000dae00000, 0x0000000100000000)
  eden space 31744K, 0% used [0x00000000d6c00000,0x00000000d6c00000,0x00000000d8b00000)
  from space 5120K, 72% used [0x00000000d8b00000,0x00000000d8e9a328,0x00000000d9000000)
  to   space 9216K, 0% used [0x00000000da500000,0x00000000da500000,0x00000000dae00000)
 ParOldGen       total 56320K, used 7085K [0x0000000084400000, 0x0000000087b00000, 0x00000000d6c00000)
  object space 56320K, 12% used [0x0000000084400000,0x0000000084aeb6e8,0x0000000087b00000)
 Metaspace       used 22576K, capacity 23538K, committed 23808K, reserved 1069056K
  class space    used 2991K, capacity 3236K, committed 3328K, reserved 1048576K
}

Deoptimization events (10 events):
Event: 2.368 Thread 0x00000000032c9800 Uncommon trap: reason=class_check action=maybe_recompile pc=0x00000000035b21d4 method=java.lang.String.equals(Ljava/lang/Object;)Z @ 8
Event: 2.769 Thread 0x000000001bb5b000 Uncommon trap: reason=unstable_if action=reinterpret pc=0x0000000003787c28 method=jdk.internal.org.objectweb.asm.Type.getArgumentsAndReturnSizes(Ljava/lang/String;)I @ 47
Event: 3.135 Thread 0x00000000032c9800 Uncommon trap: reason=class_check action=maybe_recompile pc=0x00000000039de230 method=org.springframework.util.ConcurrentReferenceHashMap$Segment.findInChain(Lorg/springframework/util/ConcurrentReferenceHashMap$Reference;Ljava/lang/Object;I)Lorg/springfra
Event: 3.705 Thread 0x00000000032c9800 Uncommon trap: reason=unstable_if action=reinterpret pc=0x0000000003a72f44 method=java.util.LinkedList.node(I)Ljava/util/LinkedList$Node; @ 19
Event: 3.713 Thread 0x00000000032c9800 Uncommon trap: reason=unstable_if action=reinterpret pc=0x0000000003ae3724 method=org.springframework.beans.factory.support.AbstractBeanFactory.isTypeMatch(Ljava/lang/String;Lorg/springframework/core/ResolvableType;Z)Z @ 99
Event: 3.713 Thread 0x00000000032c9800 Uncommon trap: reason=unstable_if action=reinterpret pc=0x0000000003ac2370 method=org.springframework.beans.factory.support.AbstractAutowireCapableBeanFactory.predictBeanType(Ljava/lang/String;Lorg/springframework/beans/factory/support/RootBeanDefinition;
Event: 3.713 Thread 0x00000000032c9800 Uncommon trap: reason=unstable_if action=reinterpret pc=0x0000000003a73d4c method=org.springframework.beans.factory.support.AbstractBeanFactory.getMergedLocalBeanDefinition(Ljava/lang/String;)Lorg/springframework/beans/factory/support/RootBeanDefinition; 
Event: 3.716 Thread 0x00000000032c9800 Uncommon trap: reason=unstable_if action=reinterpret pc=0x0000000003a99d7c method=org.springframework.beans.factory.support.DefaultSingletonBeanRegistry.getSingleton(Ljava/lang/String;Z)Ljava/lang/Object; @ 20
Event: 3.756 Thread 0x00000000032c9800 Uncommon trap: reason=unstable_if action=reinterpret pc=0x00000000039de26c method=org.springframework.util.ConcurrentReferenceHashMap$Segment.findInChain(Lorg/springframework/util/ConcurrentReferenceHashMap$Reference;Ljava/lang/Object;I)Lorg/springframewo
Event: 3.756 Thread 0x00000000032c9800 Uncommon trap: reason=unstable_if action=reinterpret pc=0x00000000039df608 method=org.springframework.util.ConcurrentReferenceHashMap$Segment.findInChain(Lorg/springframework/util/ConcurrentReferenceHashMap$Reference;Ljava/lang/Object;I)Lorg/springframewo

Classes redefined (0 events):
No events

Internal exceptions (10 events):
Event: 2.499 Thread 0x00000000032c9800 Exception <a 'java/lang/ClassNotFoundException': org/springframework/beans/factory/BeanClassLoaderAwareCustomizer> (0x00000000d89ca948) thrown at [C:\re\workspace\8-2-build-windows-amd64-cygwin\jdk8u231\13620\hotspot\src\share\vm\classfile\systemDictionar
Event: 2.499 Thread 0x00000000032c9800 Exception <a 'java/lang/ClassNotFoundException': org/springframework/beans/factory/AwareCustomizer> (0x00000000d89dab50) thrown at [C:\re\workspace\8-2-build-windows-amd64-cygwin\jdk8u231\13620\hotspot\src\share\vm\classfile\systemDictionary.cpp, line 210
Event: 2.500 Thread 0x00000000032c9800 Exception <a 'java/lang/ClassNotFoundException': org/springframework/context/EnvironmentAwareCustomizer> (0x00000000d89ea9d0) thrown at [C:\re\workspace\8-2-build-windows-amd64-cygwin\jdk8u231\13620\hotspot\src\share\vm\classfile\systemDictionary.cpp, lin
Event: 2.500 Thread 0x00000000032c9800 Exception <a 'java/lang/ClassNotFoundException': org/springframework/beans/factory/AwareCustomizer> (0x00000000d89faac8) thrown at [C:\re\workspace\8-2-build-windows-amd64-cygwin\jdk8u231\13620\hotspot\src\share\vm\classfile\systemDictionary.cpp, line 210
Event: 2.539 Thread 0x00000000032c9800 Exception <a 'java/lang/NoSuchMethodError': java.lang.Object.lambda$comparing$77a9974f$1(Ljava/util/function/Function;Ljava/lang/Object;Ljava/lang/Object;)I> (0x00000000d6dcd600) thrown at [C:\re\workspace\8-2-build-windows-amd64-cygwin\jdk8u231\13620\hot
Event: 2.775 Thread 0x000000001bb5b000 Exception <a 'java/lang/IncompatibleClassChangeError': Found class java.lang.Object, but interface was expected> (0x00000000d6c864b0) thrown at [C:\re\workspace\8-2-build-windows-amd64-cygwin\jdk8u231\13620\hotspot\src\share\vm\interpreter\linkResolver.cp
Event: 2.808 Thread 0x00000000032c9800 Exception <a 'java/lang/IncompatibleClassChangeError': Found class java.lang.Object, but interface was expected> (0x00000000d71404e0) thrown at [C:\re\workspace\8-2-build-windows-amd64-cygwin\jdk8u231\13620\hotspot\src\share\vm\interpreter\linkResolver.cp
Event: 2.833 Thread 0x00000000032c9800 Exception <a 'java/lang/NoSuchMethodError': java.lang.Object.lambda$getAllAnnotationAttributes$0(Lorg/springframework/util/MultiValueMap;)Lorg/springframework/util/MultiValueMap;> (0x00000000d727a450) thrown at [C:\re\workspace\8-2-build-windows-amd64-cyg
Event: 2.834 Thread 0x00000000032c9800 Exception <a 'java/lang/NoSuchMethodError': java.lang.Object.lambda$identity$2(Ljava/lang/Object;)Ljava/lang/Object;> (0x00000000d728aa30) thrown at [C:\re\workspace\8-2-build-windows-amd64-cygwin\jdk8u231\13620\hotspot\src\share\vm\interpreter\linkResolv
Event: 3.174 Thread 0x00000000032c9800 Exception <a 'java/lang/NoSuchMethodError': java.lang.Object.lambda$andThen$1(Ljava/util/function/Function;Ljava/lang/Object;)Ljava/lang/Object;> (0x00000000d87a87b0) thrown at [C:\re\workspace\8-2-build-windows-amd64-cygwin\jdk8u231\13620\hotspot\src\sha

Events (10 events):
Event: 3.888 loading class org/springframework/core/annotation/AnnotatedElementUtils$AnnotatedElementForAnnotations
Event: 3.888 loading class org/springframework/core/annotation/AnnotatedElementUtils$AnnotatedElementForAnnotations done
Event: 3.889 loading class org/springframework/beans/factory/support/DefaultListableBeanFactory$StreamDependencyDescriptor
Event: 3.889 loading class org/springframework/beans/factory/support/DefaultListableBeanFactory$StreamDependencyDescriptor done
Event: 3.890 loading class org/springframework/core/SimpleAliasRegistry
Event: 3.890 loading class org/springframework/core/SimpleAliasRegistry done
Event: 3.890 loading class org/springframework/core/annotation/SynthesizedAnnotation
Event: 3.890 loading class org/springframework/core/annotation/SynthesizedAnnotation done
Event: 3.891 loading class org/springframework/core/annotation/SynthesizedMergedAnnotationInvocationHandler
Event: 3.891 loading class org/springframework/core/annotation/SynthesizedMergedAnnotationInvocationHandler done


Dynamic libraries:
0x00007ff6a6db0000 - 0x00007ff6a6de7000 	C:\Program Files\Java\jre1.8.0_231\bin\javaw.exe
0x00007ff928500000 - 0x00007ff928709000 	C:\WINDOWS\SYSTEM32\ntdll.dll
0x00007ff926d00000 - 0x00007ff926dbd000 	C:\WINDOWS\System32\KERNEL32.DLL
0x00007ff925b30000 - 0x00007ff925eb4000 	C:\WINDOWS\System32\KERNELBASE.dll
0x00007ff91fb10000 - 0x00007ff91fba2000 	C:\WINDOWS\SYSTEM32\apphelp.dll
0x00007ff8d8ca0000 - 0x00007ff8d9148000 	C:\WINDOWS\SYSTEM32\AcLayers.DLL
0x00007ff926fa0000 - 0x00007ff927043000 	C:\WINDOWS\System32\msvcrt.dll
0x00007ff927480000 - 0x00007ff9274dd000 	C:\WINDOWS\System32\SHLWAPI.dll
0x00007ff9139a0000 - 0x00007ff9139b1000 	C:\WINDOWS\SYSTEM32\SortWindows61.dll
0x00007ff926a70000 - 0x00007ff926b1e000 	C:\WINDOWS\System32\ADVAPI32.dll
0x00007ff927050000 - 0x00007ff9270ee000 	C:\WINDOWS\System32\sechost.dll
0x00007ff926bd0000 - 0x00007ff926cf1000 	C:\WINDOWS\System32\RPCRT4.dll
0x00007ff9264b0000 - 0x00007ff92665d000 	C:\WINDOWS\System32\USER32.dll
0x00007ff9260a0000 - 0x00007ff9260c6000 	C:\WINDOWS\System32\win32u.dll
0x00007ff927500000 - 0x00007ff92752a000 	C:\WINDOWS\System32\GDI32.dll
0x00007ff925990000 - 0x00007ff925aae000 	C:\WINDOWS\System32\gdi32full.dll
0x00007ff9262b0000 - 0x00007ff92634d000 	C:\WINDOWS\System32\msvcp_win.dll
0x00007ff925f80000 - 0x00007ff926091000 	C:\WINDOWS\System32\ucrtbase.dll
0x00007ff914c80000 - 0x00007ff914f25000 	C:\WINDOWS\WinSxS\amd64_microsoft.windows.common-controls_6595b64144ccf1df_6.0.22000.120_none_9d947278b86cc467\COMCTL32.dll
0x00007ff926dc0000 - 0x00007ff926df1000 	C:\WINDOWS\System32\IMM32.DLL
0x0000000072a90000 - 0x0000000072b62000 	C:\Program Files\Java\jre1.8.0_231\bin\msvcr100.dll
0x00000000721e0000 - 0x0000000072a86000 	C:\Program Files\Java\jre1.8.0_231\bin\server\jvm.dll
0x00007ff9274e0000 - 0x00007ff9274e8000 	C:\WINDOWS\System32\PSAPI.DLL
0x00007ff911cc0000 - 0x00007ff911cc9000 	C:\WINDOWS\SYSTEM32\WSOCK32.dll
0x00007ff91e270000 - 0x00007ff91e2a3000 	C:\WINDOWS\SYSTEM32\WINMM.dll
0x00007ff914530000 - 0x00007ff91453a000 	C:\WINDOWS\SYSTEM32\VERSION.dll
0x00007ff926440000 - 0x00007ff9264af000 	C:\WINDOWS\System32\WS2_32.dll
0x00007ff8a7cf0000 - 0x00007ff8a7cff000 	C:\Program Files\Java\jre1.8.0_231\bin\verify.dll
0x00007ff891300000 - 0x00007ff891329000 	C:\Program Files\Java\jre1.8.0_231\bin\java.dll
0x00007ff8912e0000 - 0x00007ff8912f6000 	C:\Program Files\Java\jre1.8.0_231\bin\zip.dll
0x00007ff9279b0000 - 0x00007ff928175000 	C:\WINDOWS\System32\SHELL32.dll
0x00007ff923a20000 - 0x00007ff924282000 	C:\WINDOWS\SYSTEM32\windows.storage.dll
0x00007ff9270f0000 - 0x00007ff927466000 	C:\WINDOWS\System32\combase.dll
0x00007ff9238b0000 - 0x00007ff923a17000 	C:\WINDOWS\SYSTEM32\wintypes.dll
0x00007ff926810000 - 0x00007ff9268fa000 	C:\WINDOWS\System32\SHCORE.dll
0x00007ff9258c0000 - 0x00007ff9258e5000 	C:\WINDOWS\SYSTEM32\profapi.dll
0x00007ff8c0fb0000 - 0x00007ff8c0fbd000 	C:\Program Files\Java\jre1.8.0_231\bin\management.dll
0x00007ff8c0f90000 - 0x00007ff8c0faa000 	C:\Program Files\Java\jre1.8.0_231\bin\net.dll
0x00007ff924f20000 - 0x00007ff924f87000 	C:\WINDOWS\system32\mswsock.dll
0x00007ff900d00000 - 0x00007ff900d17000 	C:\WINDOWS\system32\napinsp.dll
0x00007ff900ce0000 - 0x00007ff900cfb000 	C:\WINDOWS\system32\pnrpnsp.dll
0x00007ff9245a0000 - 0x00007ff924687000 	C:\WINDOWS\SYSTEM32\DNSAPI.dll
0x00007ff924520000 - 0x00007ff92454d000 	C:\WINDOWS\SYSTEM32\IPHLPAPI.DLL
0x00007ff927470000 - 0x00007ff927479000 	C:\WINDOWS\System32\NSI.dll
0x00007ff900270000 - 0x00007ff900282000 	C:\WINDOWS\System32\winrnr.dll
0x00007ff900250000 - 0x00007ff900265000 	C:\WINDOWS\system32\wshbth.dll
0x00007ff900230000 - 0x00007ff90024f000 	C:\WINDOWS\system32\nlansp_c.dll
0x00007ff914f30000 - 0x00007ff914f3a000 	C:\Windows\System32\rasadhlp.dll
0x00007ff914f40000 - 0x00007ff914fc2000 	C:\WINDOWS\System32\fwpuclnt.dll
0x00007ff8c0f70000 - 0x00007ff8c0f82000 	C:\Program Files\Java\jre1.8.0_231\bin\nio.dll

VM Arguments:
jvm_args: -Dfile.encoding=Cp1252 
java_command: com.mindex.challenge.ChallengeApplication
java_class_path (initial): C:\Users\hhend\Downloads\mindex-java-code-challenge\mindex-java-code-challenge\bin\main;C:\Users\hhend\.gradle\caches\modules-2\files-2.1\org.springframework.boot\spring-boot-starter-web\2.2.0.RELEASE\a63661766218b06e540e58f7f3d4cf64278af92c\spring-boot-starter-web-2.2.0.RELEASE.jar;C:\Users\hhend\.gradle\caches\modules-2\files-2.1\org.springframework.boot\spring-boot-starter-data-mongodb\2.2.0.RELEASE\c6cec931c76070b4b6ca28c5bb33a869641309bf\spring-boot-starter-data-mongodb-2.2.0.RELEASE.jar;C:\Users\hhend\.gradle\caches\modules-2\files-2.1\de.bwaldvogel\mongo-java-server\1.25.0\1fc0f0285072eb1bfebc42493b612398589c883d\mongo-java-server-1.25.0.jar;C:\Users\hhend\.gradle\caches\modules-2\files-2.1\org.springframework.boot\spring-boot-starter-json\2.2.0.RELEASE\72459189c5a602f1e651c8e2a4547889dc691139\spring-boot-starter-json-2.2.0.RELEASE.jar;C:\Users\hhend\.gradle\caches\modules-2\files-2.1\org.springframework.boot\spring-boot-starter-validation\2.2.0.RELEASE\ab315d2930808b87908be42e19f64a1d5afbb012\spring-boot-starter-validation-2.2.0.RELEASE.jar;C:\Users\hhend\.gradle\caches\modules-2\files-2.1\org.springframework.boot\spring-boot-starter\2.2.0.RELEASE\47b669895fc0e5bb8e5a54b7171029223f899cde\spring-boot-starter-2.2.0.RELEASE.jar;C:\Users\hhend\.gradle\caches\modules-2\files-2.1\org.springframework.boot\spring-boot-starter-tomcat\2.2.0.RELEASE\e305bc0fec134a639c10c9d48885db88951ea318\spring-boot-starter-tomcat-2.2.0.RELEASE.jar;C:\Users\hhend\.gradle\caches\modules-2\files-2.1\org.springframework\spring-webmvc\5.2.0.RELEASE\652abc943904d67504dc822197868cafaa5e56b5\spring-webmvc-5.2.0.RELEASE.jar;C:\Users\hhend\.gradle\caches\modules-2\files-2.1\org.springframework\spring-web\5.2.0.RELEASE\d5b064196dc014519e751df549b4cc6a753fb191\spring-web-5.2.0.RELEASE.jar;C:\Users\hhend\.gradle\caches\modules-2\files-2.1\org.mongodb\mongodb-driver\3.11.1\e05980265461daaf7905db90bb37c9a35e4ede6e\mongodb-driver-3.11.1.jar;C:\Users\hhend\.gradle\caches
Launcher Type: SUN_STANDARD

Environment Variables:
PATH=C:/Program Files/Java/jre1.8.0_331/bin/server;C:/Program Files/Java/jre1.8.0_331/bin;C:/Program Files/Java/jre1.8.0_331/lib/amd64;C:\Python39\Scripts\;C:\Python39\;C:\Program Files (x86)\Common Files\Oracle\Java\javapath;C:\WINDOWS\system32;C:\WINDOWS;C:\WINDOWS\System32\Wbem;C:\WINDOWS\System32\WindowsPowerShell\v1.0\;C:\WINDOWS\System32\OpenSSH\;C:\Program Files\nodejs\;C:\ProgramData\chocolatey\bin;C:\Program Files\dotnet\;C:\Program Files\Git\cmd;C:\Program Files\WireGuard\;C:\Users\hhend\AppData\Local\Microsoft\WindowsApps;C:\Users\hhend\AppData\Roaming\npm;C:\Users\hhend\AppData\Local\JetBrains\Toolbox\scripts;;C:\Users\hhend\OneDrive\Desktop;
USERNAME=hhend
OS=Windows_NT
PROCESSOR_IDENTIFIER=Intel64 Family 6 Model 158 Stepping 10, GenuineIntel



---------------  S Y S T E M  ---------------

OS: Windows 10.0 , 64 bit Build 22000 (10.0.22000.2360)

CPU:total 8 (initial active 8) (4 cores per cpu, 2 threads per core) family 6 model 158 stepping 10, cmov, cx8, fxsr, mmx, sse, sse2, sse3, ssse3, sse4.1, sse4.2, popcnt, avx, avx2, aes, clmul, erms, 3dnowpref, lzcnt, ht, tsc, tscinvbit, bmi1, bmi2, adx

Memory: 4k page, physical 8109908k(461408k free), swap 33275732k(4928k free)

vm_info: Java HotSpot(TM) 64-Bit Server VM (25.231-b11) for windows-amd64 JRE (1.8.0_231-b11), built on Oct  5 2019 03:11:30 by "java_re" with MS VC++ 10.0 (VS2010)

time: Tue Nov 07 00:53:14 2023
timezone: Eastern Standard Time
elapsed time: 3 seconds (0d 0h 0m 3s)

