#
# There is insufficient memory for the Java Runtime Environment to continue.
# Native memory allocation (malloc) failed to allocate 210256 bytes for Chunk::new
# Possible reasons:
#   The system is out of physical RAM or swap space
#   The process is running with CompressedOops enabled, and the Java Heap may be blocking the growth of the native heap
# Possible solutions:
#   Reduce memory load on the system
#   Increase physical memory or swap space
#   Check if swap backing store is full
#   Decrease Java heap size (-Xmx/-Xms)
#   Decrease number of Java threads
#   Decrease Java thread stack sizes (-Xss)
#   Set larger code cache with -XX:ReservedCodeCacheSize=
#   JVM is running with Unscaled Compressed Oops mode in which the Java heap is
#     placed in the first 4GB address space. The Java Heap base address is the
#     maximum limit for the native heap growth. Please use -XX:HeapBaseMinAddress
#     to set the Java Heap base and to place the Java Heap above 4GB virtual address.
# This output file may be truncated or incomplete.
#
#  Out of Memory Error (allocation.cpp:389), pid=29732, tid=0x00000000000089e4
#
# JRE version: Java(TM) SE Runtime Environment (8.0_231-b11) (build 1.8.0_231-b11)
# Java VM: Java HotSpot(TM) 64-Bit Server VM (25.231-b11 mixed mode windows-amd64 compressed oops)
# Failed to write core dump. Minidumps are not enabled by default on client versions of Windows
#

---------------  T H R E A D  ---------------

Current thread (0x0000000019566000):  JavaThread "C2 CompilerThread2" daemon [_thread_in_native, id=35300, stack(0x000000001a9f0000,0x000000001aaf0000)]

Stack: [0x000000001a9f0000,0x000000001aaf0000]
[error occurred during error reporting (printing stack bounds), id 0xc0000005]

Native frames: (J=compiled Java code, j=interpreted, Vv=VM code, C=native code)


Current CompileTask:
C2:    391  470   !   4       sun.misc.URLClassPath$JarLoader::getResource (85 bytes)


---------------  P R O C E S S  ---------------

Java Threads: ( => current thread )
  0x00000000195e2000 JavaThread "Service Thread" daemon [_thread_blocked, id=16912, stack(0x000000001abf0000,0x000000001acf0000)]
  0x0000000019566800 JavaThread "C1 CompilerThread3" daemon [_thread_blocked, id=14648, stack(0x000000001aaf0000,0x000000001abf0000)]
=>0x0000000019566000 JavaThread "C2 CompilerThread2" daemon [_thread_in_native, id=35300, stack(0x000000001a9f0000,0x000000001aaf0000)]
  0x000000001955b000 JavaThread "C2 CompilerThread1" daemon [_thread_blocked, id=2948, stack(0x000000001a8f0000,0x000000001a9f0000)]
  0x0000000019559800 JavaThread "C2 CompilerThread0" daemon [_thread_blocked, id=8180, stack(0x000000001a7f0000,0x000000001a8f0000)]
  0x0000000019556000 JavaThread "Attach Listener" daemon [_thread_blocked, id=9576, stack(0x000000001a6f0000,0x000000001a7f0000)]
  0x0000000019555000 JavaThread "Signal Dispatcher" daemon [_thread_blocked, id=21888, stack(0x000000001a5f0000,0x000000001a6f0000)]
  0x00000000194ba800 JavaThread "Finalizer" daemon [_thread_blocked, id=16788, stack(0x000000001a3f0000,0x000000001a4f0000)]
  0x000000001813e000 JavaThread "Reference Handler" daemon [_thread_blocked, id=27916, stack(0x000000001a2f0000,0x000000001a3f0000)]
  0x0000000003249800 JavaThread "main" [_thread_blocked, id=17624, stack(0x0000000003120000,0x0000000003220000)]

Other Threads:
  0x0000000018136000 VMThread [stack: 0x000000001a1f0000,0x000000001a2f0000] [id=288]
  0x00000000195fa000 WatcherThread [stack: 0x000000001acf0000,0x000000001adf0000] [id=15980]

VM state:at safepoint (normal execution)

VM Mutex/Monitor currently owned by a thread:  ([mutex/lock_event])
[0x00000000032466b0] Threads_lock - owner thread: 0x0000000018136000
[0x00000000032476c0] Heap_lock - owner thread: 0x0000000003249800

heap address: 0x0000000084400000, size: 1980 MB, Compressed Oops mode: 32-bit
Narrow klass base: 0x0000000000000000, Narrow klass shift: 3
Compressed class space size: 1073741824 Address: 0x0000000100000000

Heap:
 PSYoungGen      total 36864K, used 2501K [0x00000000d6c00000, 0x00000000d9500000, 0x0000000100000000)
  eden space 31744K, 0% used [0x00000000d6c00000,0x00000000d6c00000,0x00000000d8b00000)
  from space 5120K, 48% used [0x00000000d8b00000,0x00000000d8d716f8,0x00000000d9000000)
  to   space 5120K, 0% used [0x00000000d9000000,0x00000000d9000000,0x00000000d9500000)
 ParOldGen       total 84992K, used 8K [0x0000000084400000, 0x0000000089700000, 0x00000000d6c00000)
  object space 84992K, 0% used [0x0000000084400000,0x0000000084402000,0x0000000089700000)
 Metaspace       used 5891K, capacity 6056K, committed 6144K, reserved 1058816K
  class space    used 681K, capacity 768K, committed 768K, reserved 1048576K

Card table byte_map: [0x0000000012700000,0x0000000012ae0000] byte_map_base: 0x00000000122de000

Marking Bits: (ParMarkBitMap*) 0x000000005cf36d90
 Begin Bits: [0x0000000013580000, 0x0000000015470000)
 End Bits:   [0x0000000015470000, 0x0000000017360000)

Polling page: 0x0000000001230000

CodeCache: size=245760Kb used=2174Kb max_used=2174Kb free=243585Kb
 bounds [0x0000000003340000, 0x00000000035b0000, 0x0000000012340000]
 total_blobs=768 nmethods=476 adapters=204
 compilation: enabled

Compilation events (10 events):
Event: 0.384 Thread 0x0000000019566800 nmethod 462 0x000000000355c210 code [0x000000000355c360, 0x000000000355c470]
Event: 0.384 Thread 0x0000000019566800  474       3       sun.misc.ASCIICaseInsensitiveComparator::lowerCaseHashCode (36 bytes)
Event: 0.384 Thread 0x0000000019566800 nmethod 474 0x000000000355c4d0 code [0x000000000355c680, 0x000000000355cce8]
Event: 0.385 Thread 0x0000000019566800  475       3       java.util.jar.JarFile::maybeInstantiateVerifier (96 bytes)
Event: 0.385 Thread 0x0000000019566800 nmethod 475 0x000000000355d010 code [0x000000000355d240, 0x000000000355dee8]
Event: 0.385 Thread 0x0000000019566800  476       1       java.util.zip.ZStreamRef::address (5 bytes)
Event: 0.385 Thread 0x0000000019566800 nmethod 476 0x000000000355e4d0 code [0x000000000355e620, 0x000000000355e730]
Event: 0.386 Thread 0x0000000019566800  477       3       java.util.Objects::requireNonNull (15 bytes)
Event: 0.386 Thread 0x0000000019566800 nmethod 477 0x000000000355e790 code [0x000000000355e900, 0x000000000355eb28]
Event: 0.387 Thread 0x0000000019566800  478       3       java.net.URLStreamHandler::parseURL (1193 bytes)

GC Heap History (0 events):
No events

Deoptimization events (0 events):
No events

Classes redefined (0 events):
No events

Internal exceptions (10 events):
Event: 0.031 Thread 0x0000000003249800 Exception <a 'java/lang/NoSuchMethodError': Method sun.misc.Unsafe.defineClass(Ljava/lang/String;[BII)Ljava/lang/Class; name or signature does not match> (0x00000000d6c07cb8) thrown at [C:\re\workspace\8-2-build-windows-amd64-cygwin\jdk8u231\13620\hotspot
Event: 0.031 Thread 0x0000000003249800 Exception <a 'java/lang/NoSuchMethodError': Method sun.misc.Unsafe.prefetchRead(Ljava/lang/Object;J)V name or signature does not match> (0x00000000d6c07fa0) thrown at [C:\re\workspace\8-2-build-windows-amd64-cygwin\jdk8u231\13620\hotspot\src\share\vm\prim
Event: 0.192 Thread 0x0000000003249800 Exception <a 'java/security/PrivilegedActionException'> (0x00000000d6e2c498) thrown at [C:\re\workspace\8-2-build-windows-amd64-cygwin\jdk8u231\13620\hotspot\src\share\vm\prims\jvm.cpp, line 1502]
Event: 0.192 Thread 0x0000000003249800 Exception <a 'java/security/PrivilegedActionException'> (0x00000000d6e2c6a8) thrown at [C:\re\workspace\8-2-build-windows-amd64-cygwin\jdk8u231\13620\hotspot\src\share\vm\prims\jvm.cpp, line 1502]
Event: 0.193 Thread 0x0000000003249800 Exception <a 'java/security/PrivilegedActionException'> (0x00000000d6e30318) thrown at [C:\re\workspace\8-2-build-windows-amd64-cygwin\jdk8u231\13620\hotspot\src\share\vm\prims\jvm.cpp, line 1502]
Event: 0.193 Thread 0x0000000003249800 Exception <a 'java/security/PrivilegedActionException'> (0x00000000d6e30528) thrown at [C:\re\workspace\8-2-build-windows-amd64-cygwin\jdk8u231\13620\hotspot\src\share\vm\prims\jvm.cpp, line 1502]
Event: 0.247 Thread 0x0000000003249800 Exception <a 'java/io/FileNotFoundException'> (0x00000000d703a888) thrown at [C:\re\workspace\8-2-build-windows-amd64-cygwin\jdk8u231\13620\hotspot\src\share\vm\prims\jni.cpp, line 710]
Event: 0.287 Thread 0x0000000003249800 Exception <a 'java/lang/NoSuchMethodError': org.slf4j.impl.StaticMDCBinder.getSingleton()Lorg/slf4j/impl/StaticMDCBinder;> (0x00000000d721dfd0) thrown at [C:\re\workspace\8-2-build-windows-amd64-cygwin\jdk8u231\13620\hotspot\src\share\vm\interpreter\linkR
Event: 0.365 Thread 0x0000000003249800 Exception <a 'java/lang/NoSuchFieldError': method resolution failed> (0x00000000d76888d0) thrown at [C:\re\workspace\8-2-build-windows-amd64-cygwin\jdk8u231\13620\hotspot\src\share\vm\prims\methodHandles.cpp, line 1167]
Event: 0.366 Thread 0x0000000003249800 Exception <a 'java/lang/NoSuchFieldError': method resolution failed> (0x00000000d7695c00) thrown at [C:\re\workspace\8-2-build-windows-amd64-cygwin\jdk8u231\13620\hotspot\src\share\vm\prims\methodHandles.cpp, line 1167]

Events (10 events):
Event: 0.386 loading class org/springframework/beans/BeansException
Event: 0.386 loading class org/springframework/beans/BeansException done
Event: 0.386 loading class org/springframework/core/NestedRuntimeException
Event: 0.386 loading class org/springframework/core/NestedRuntimeException done
Event: 0.387 loading class java/util/AbstractMap$1
Event: 0.387 loading class java/util/AbstractMap$1 done
Event: 0.387 loading class java/util/Collections$UnmodifiableMap
Event: 0.387 loading class java/util/Collections$UnmodifiableMap done
Event: 0.387 loading class org/springframework/util/ReflectionUtils
Event: 0.387 loading class org/springframework/util/ReflectionUtils done


Dynamic libraries:
0x00007ff725700000 - 0x00007ff725737000 	C:\Program Files\Java\jre1.8.0_231\bin\javaw.exe
0x00007ffdaa860000 - 0x00007ffdaaa69000 	C:\WINDOWS\SYSTEM32\ntdll.dll
0x00007ffda9060000 - 0x00007ffda911d000 	C:\WINDOWS\System32\KERNEL32.DLL
0x00007ffda8190000 - 0x00007ffda8514000 	C:\WINDOWS\System32\KERNELBASE.dll
0x00007ffda1780000 - 0x00007ffda1812000 	C:\WINDOWS\SYSTEM32\apphelp.dll
0x00007ffd4a370000 - 0x00007ffd4a818000 	C:\WINDOWS\SYSTEM32\AcLayers.DLL
0x00007ffda9e90000 - 0x00007ffda9f33000 	C:\WINDOWS\System32\msvcrt.dll
0x00007ffda8e90000 - 0x00007ffda8eed000 	C:\WINDOWS\System32\SHLWAPI.dll
0x00007ffd4a190000 - 0x00007ffd4a1a1000 	C:\WINDOWS\SYSTEM32\SortWindows61.dll
0x00007ffda8d30000 - 0x00007ffda8dde000 	C:\WINDOWS\System32\ADVAPI32.dll
0x00007ffdaa710000 - 0x00007ffdaa7ae000 	C:\WINDOWS\System32\sechost.dll
0x00007ffda9570000 - 0x00007ffda9691000 	C:\WINDOWS\System32\RPCRT4.dll
0x00007ffda9ce0000 - 0x00007ffda9e8d000 	C:\WINDOWS\System32\USER32.dll
0x00007ffda7f80000 - 0x00007ffda7fa6000 	C:\WINDOWS\System32\win32u.dll
0x00007ffda96a0000 - 0x00007ffda96ca000 	C:\WINDOWS\System32\GDI32.dll
0x00007ffda8070000 - 0x00007ffda818e000 	C:\WINDOWS\System32\gdi32full.dll
0x00007ffda8610000 - 0x00007ffda86ad000 	C:\WINDOWS\System32\msvcp_win.dll
0x00007ffda7cf0000 - 0x00007ffda7e01000 	C:\WINDOWS\System32\ucrtbase.dll
0x00007ffd96df0000 - 0x00007ffd97095000 	C:\WINDOWS\WinSxS\amd64_microsoft.windows.common-controls_6595b64144ccf1df_6.0.22000.120_none_9d947278b86cc467\COMCTL32.dll
0x00007ffda9ca0000 - 0x00007ffda9cd1000 	C:\WINDOWS\System32\IMM32.DLL
0x000000005d8e0000 - 0x000000005d9b2000 	C:\Program Files\Java\jre1.8.0_231\bin\msvcr100.dll
0x000000005c710000 - 0x000000005cfb6000 	C:\Program Files\Java\jre1.8.0_231\bin\server\jvm.dll
0x00007ffda9560000 - 0x00007ffda9568000 	C:\WINDOWS\System32\PSAPI.DLL
0x00007ffd95e90000 - 0x00007ffd95e99000 	C:\WINDOWS\SYSTEM32\WSOCK32.dll
0x00007ffda22f0000 - 0x00007ffda2323000 	C:\WINDOWS\SYSTEM32\WINMM.dll
0x00007ffdaa7b0000 - 0x00007ffdaa81f000 	C:\WINDOWS\System32\WS2_32.dll
0x00007ffd965d0000 - 0x00007ffd965da000 	C:\WINDOWS\SYSTEM32\VERSION.dll
0x00007ffda0f90000 - 0x00007ffda0f9f000 	C:\Program Files\Java\jre1.8.0_231\bin\verify.dll
0x00007ffd9ffa0000 - 0x00007ffd9ffc9000 	C:\Program Files\Java\jre1.8.0_231\bin\java.dll
0x00007ffd94dc0000 - 0x00007ffd94dd6000 	C:\Program Files\Java\jre1.8.0_231\bin\zip.dll
0x00007ffda9f40000 - 0x00007ffdaa705000 	C:\WINDOWS\System32\SHELL32.dll
0x00007ffda5d80000 - 0x00007ffda65e2000 	C:\WINDOWS\SYSTEM32\windows.storage.dll
0x00007ffda89b0000 - 0x00007ffda8d26000 	C:\WINDOWS\System32\combase.dll
0x00007ffda5c10000 - 0x00007ffda5d77000 	C:\WINDOWS\SYSTEM32\wintypes.dll
0x00007ffda8f70000 - 0x00007ffda905a000 	C:\WINDOWS\System32\SHCORE.dll
0x00007ffda7c20000 - 0x00007ffda7c45000 	C:\WINDOWS\SYSTEM32\profapi.dll

VM Arguments:
jvm_args: -Dfile.encoding=Cp1252 
java_command: com.mindex.challenge.ChallengeApplication
java_class_path (initial): C:\Users\hhend\Downloads\mindex-java-code-challenge\mindex-java-code-challenge\bin\main;C:\Users\hhend\.gradle\caches\modules-2\files-2.1\org.springframework.boot\spring-boot-starter-web\2.2.0.RELEASE\a63661766218b06e540e58f7f3d4cf64278af92c\spring-boot-starter-web-2.2.0.RELEASE.jar;C:\Users\hhend\.gradle\caches\modules-2\files-2.1\org.springframework.boot\spring-boot-starter-data-mongodb\2.2.0.RELEASE\c6cec931c76070b4b6ca28c5bb33a869641309bf\spring-boot-starter-data-mongodb-2.2.0.RELEASE.jar;C:\Users\hhend\.gradle\caches\modules-2\files-2.1\de.bwaldvogel\mongo-java-server\1.25.0\1fc0f0285072eb1bfebc42493b612398589c883d\mongo-java-server-1.25.0.jar;C:\Users\hhend\.gradle\caches\modules-2\files-2.1\org.springframework.boot\spring-boot-starter-json\2.2.0.RELEASE\72459189c5a602f1e651c8e2a4547889dc691139\spring-boot-starter-json-2.2.0.RELEASE.jar;C:\Users\hhend\.gradle\caches\modules-2\files-2.1\org.springframework.boot\spring-boot-starter-validation\2.2.0.RELEASE\ab315d2930808b87908be42e19f64a1d5afbb012\spring-boot-starter-validation-2.2.0.RELEASE.jar;C:\Users\hhend\.gradle\caches\modules-2\files-2.1\org.springframework.boot\spring-boot-starter\2.2.0.RELEASE\47b669895fc0e5bb8e5a54b7171029223f899cde\spring-boot-starter-2.2.0.RELEASE.jar;C:\Users\hhend\.gradle\caches\modules-2\files-2.1\org.springframework.boot\spring-boot-starter-tomcat\2.2.0.RELEASE\e305bc0fec134a639c10c9d48885db88951ea318\spring-boot-starter-tomcat-2.2.0.RELEASE.jar;C:\Users\hhend\.gradle\caches\modules-2\files-2.1\org.springframework\spring-webmvc\5.2.0.RELEASE\652abc943904d67504dc822197868cafaa5e56b5\spring-webmvc-5.2.0.RELEASE.jar;C:\Users\hhend\.gradle\caches\modules-2\files-2.1\org.springframework\spring-web\5.2.0.RELEASE\d5b064196dc014519e751df549b4cc6a753fb191\spring-web-5.2.0.RELEASE.jar;C:\Users\hhend\.gradle\caches\modules-2\files-2.1\org.mongodb\mongodb-driver\3.11.1\e05980265461daaf7905db90bb37c9a35e4ede6e\mongodb-driver-3.11.1.jar;C:\Users\hhend\.gradle\caches
Launcher Type: SUN_STANDARD

Environment Variables:
PATH=C:/Program Files/Java/jre1.8.0_331/bin/server;C:/Program Files/Java/jre1.8.0_331/bin;C:/Program Files/Java/jre1.8.0_331/lib/amd64;C:\Python39\Scripts\;C:\Python39\;C:\Program Files (x86)\Common Files\Oracle\Java\javapath;C:\WINDOWS\system32;C:\WINDOWS;C:\WINDOWS\System32\Wbem;C:\WINDOWS\System32\WindowsPowerShell\v1.0\;C:\WINDOWS\System32\OpenSSH\;C:\Program Files\nodejs\;C:\ProgramData\chocolatey\bin;C:\Program Files\dotnet\;C:\Program Files\Git\cmd;C:\Program Files\WireGuard\;C:\Users\hhend\AppData\Local\Microsoft\WindowsApps;C:\Users\hhend\AppData\Roaming\npm;C:\Users\hhend\AppData\Local\JetBrains\Toolbox\scripts;;C:\Users\hhend\OneDrive\Desktop;
USERNAME=hhend
OS=Windows_NT
PROCESSOR_IDENTIFIER=Intel64 Family 6 Model 158 Stepping 10, GenuineIntel



---------------  S Y S T E M  ---------------

OS: Windows 10.0 , 64 bit Build 22000 (10.0.22000.2360)

CPU:total 8 (initial active 8) (4 cores per cpu, 2 threads per core) family 6 model 158 stepping 10, cmov, cx8, fxsr, mmx, sse, sse2, sse3, ssse3, sse4.1, sse4.2, popcnt, avx, avx2, aes, clmul, erms, 3dnowpref, lzcnt, ht, tsc, tscinvbit, bmi1, bmi2, adx

Memory: 4k page, physical 8109908k(394456k free), swap 33275732k(796k free)

vm_info: Java HotSpot(TM) 64-Bit Server VM (25.231-b11) for windows-amd64 JRE (1.8.0_231-b11), built on Oct  5 2019 03:11:30 by "java_re" with MS VC++ 10.0 (VS2010)

time: Thu Nov 09 13:27:16 2023
timezone: Eastern Standard Time
elapsed time: 0 seconds (0d 0h 0m 0s)

