#
# There is insufficient memory for the Java Runtime Environment to continue.
# Native memory allocation (malloc) failed to allocate 1335856 bytes for Chunk::new
# Possible reasons:
#   The system is out of physical RAM or swap space
#   The process is running with CompressedOops enabled, and the Java Heap may be blocking the growth of the native heap
# Possible solutions:
#   Reduce memory load on the system
#   Increase physical memory or swap space
#   Check if swap backing store is full
#   Decrease Java heap size (-Xmx/-Xms)
#   Decrease number of Java threads
#   Decrease Java thread stack sizes (-Xss)
#   Set larger code cache with -XX:ReservedCodeCacheSize=
#   JVM is running with Unscaled Compressed Oops mode in which the Java heap is
#     placed in the first 4GB address space. The Java Heap base address is the
#     maximum limit for the native heap growth. Please use -XX:HeapBaseMinAddress
#     to set the Java Heap base and to place the Java Heap above 4GB virtual address.
# This output file may be truncated or incomplete.
#
#  Out of Memory Error (allocation.cpp:389), pid=16028, tid=0x0000000000008bb8
#
# JRE version: Java(TM) SE Runtime Environment (8.0_231-b11) (build 1.8.0_231-b11)
# Java VM: Java HotSpot(TM) 64-Bit Server VM (25.231-b11 mixed mode windows-amd64 compressed oops)
# Failed to write core dump. Minidumps are not enabled by default on client versions of Windows
#

---------------  T H R E A D  ---------------

Current thread (0x0000000019710000):  JavaThread "C2 CompilerThread2" daemon [_thread_in_native, id=35768, stack(0x000000001aba0000,0x000000001aca0000)]

Stack: [0x000000001aba0000,0x000000001aca0000]
[error occurred during error reporting (printing stack bounds), id 0xc0000005]

Native frames: (J=compiled Java code, j=interpreted, Vv=VM code, C=native code)


Current CompileTask:
C2:   2227 2554       4       org.springframework.beans.factory.support.AbstractBeanFactory::isTypeMatch (607 bytes)


---------------  P R O C E S S  ---------------

Java Threads: ( => current thread )
  0x00000000197a7000 JavaThread "Service Thread" daemon [_thread_blocked, id=28464, stack(0x000000001ada0000,0x000000001aea0000)]
  0x000000001970c800 JavaThread "C1 CompilerThread3" daemon [_thread_blocked, id=28812, stack(0x000000001aca0000,0x000000001ada0000)]
=>0x0000000019710000 JavaThread "C2 CompilerThread2" daemon [_thread_in_native, id=35768, stack(0x000000001aba0000,0x000000001aca0000)]
  0x0000000019712000 JavaThread "C2 CompilerThread1" daemon [_thread_blocked, id=31732, stack(0x000000001aaa0000,0x000000001aba0000)]
  0x0000000019709000 JavaThread "C2 CompilerThread0" daemon [_thread_blocked, id=23924, stack(0x000000001a9a0000,0x000000001aaa0000)]
  0x0000000019702000 JavaThread "Attach Listener" daemon [_thread_blocked, id=24128, stack(0x000000001a8a0000,0x000000001a9a0000)]
  0x0000000019701000 JavaThread "Signal Dispatcher" daemon [_thread_blocked, id=25988, stack(0x000000001a7a0000,0x000000001a8a0000)]
  0x000000001966b000 JavaThread "Finalizer" daemon [_thread_blocked, id=33332, stack(0x000000001a5a0000,0x000000001a6a0000)]
  0x000000001963c000 JavaThread "Reference Handler" daemon [_thread_blocked, id=29240, stack(0x000000001a4a0000,0x000000001a5a0000)]
  0x00000000033e9800 JavaThread "main" [_thread_in_native, id=25224, stack(0x00000000032e0000,0x00000000033e0000)]

Other Threads:
  0x00000000182d7000 VMThread [stack: 0x000000001a3a0000,0x000000001a4a0000] [id=10140]
  0x00000000197c7000 WatcherThread [stack: 0x000000001aea0000,0x000000001afa0000] [id=27052]

VM state:not at safepoint (normal execution)

VM Mutex/Monitor currently owned by a thread: None

heap address: 0x0000000084400000, size: 1980 MB, Compressed Oops mode: 32-bit
Narrow klass base: 0x0000000000000000, Narrow klass shift: 3
Compressed class space size: 1073741824 Address: 0x0000000100000000

Heap:
 PSYoungGen      total 68608K, used 10368K [0x00000000d6c00000, 0x00000000ddb80000, 0x0000000100000000)
  eden space 63488K, 8% used [0x00000000d6c00000,0x00000000d7120800,0x00000000daa00000)
  from space 5120K, 99% used [0x00000000daa00000,0x00000000daeffbd8,0x00000000daf00000)
  to   space 9728K, 0% used [0x00000000dd200000,0x00000000dd200000,0x00000000ddb80000)
 ParOldGen       total 57344K, used 10304K [0x0000000084400000, 0x0000000087c00000, 0x00000000d6c00000)
  object space 57344K, 17% used [0x0000000084400000,0x0000000084e10130,0x0000000087c00000)
 Metaspace       used 27138K, capacity 28716K, committed 28800K, reserved 1075200K
  class space    used 3643K, capacity 3941K, committed 3968K, reserved 1048576K

Card table byte_map: [0x00000000128a0000,0x0000000012c80000] byte_map_base: 0x000000001247e000

Marking Bits: (ParMarkBitMap*) 0x000000005cf36d90
 Begin Bits: [0x0000000013720000, 0x0000000015610000)
 End Bits:   [0x0000000015610000, 0x0000000017500000)

Polling page: 0x00000000013b0000

CodeCache: size=245760Kb used=8444Kb max_used=8451Kb free=237315Kb
 bounds [0x00000000034e0000, 0x0000000003d30000, 0x00000000124e0000]
 total_blobs=2972 nmethods=2586 adapters=298
 compilation: enabled

Compilation events (10 events):
Event: 2.170 Thread 0x000000001970c800 2582       3       java.lang.ThreadLocal::get (38 bytes)
Event: 2.170 Thread 0x000000001970c800 nmethod 2582 0x0000000003d22810 code [0x0000000003d229a0, 0x0000000003d22d28]
Event: 2.170 Thread 0x000000001970c800 2584       3       java.lang.Integer::reverseBytes (26 bytes)
Event: 2.170 Thread 0x000000001970c800 nmethod 2584 0x0000000003d1d810 code [0x0000000003d1d960, 0x0000000003d1dab0]
Event: 2.170 Thread 0x0000000019712000 2585       4       sun.nio.cs.SingleByte$Encoder::encode (32 bytes)
Event: 2.171 Thread 0x0000000019709000 2586       4       java.lang.Integer::reverseBytes (26 bytes)
Event: 2.171 Thread 0x000000001970c800 2587       3       sun.security.provider.SHA::implCompress (491 bytes)
Event: 2.171 Thread 0x0000000019712000 nmethod 2585 0x0000000003d1bf50 code [0x0000000003d1c0a0, 0x0000000003d1c1b8]
Event: 2.171 Thread 0x0000000019709000 nmethod 2586 0x0000000003cc1a10 code [0x0000000003cc1b40, 0x0000000003cc1bb8]
Event: 2.172 Thread 0x000000001970c800 nmethod 2587 0x0000000003d1c4d0 code [0x0000000003d1c6c0, 0x0000000003d1cfa8]

GC Heap History (10 events):
Event: 0.806 GC heap before
{Heap before GC invocations=2 (full 0):
 PSYoungGen      total 36864K, used 36856K [0x00000000d6c00000, 0x00000000d9500000, 0x0000000100000000)
  eden space 31744K, 100% used [0x00000000d6c00000,0x00000000d8b00000,0x00000000d8b00000)
  from space 5120K, 99% used [0x00000000d8b00000,0x00000000d8ffe258,0x00000000d9000000)
  to   space 5120K, 0% used [0x00000000d9000000,0x00000000d9000000,0x00000000d9500000)
 ParOldGen       total 84992K, used 221K [0x0000000084400000, 0x0000000089700000, 0x00000000d6c00000)
  object space 84992K, 0% used [0x0000000084400000,0x0000000084437618,0x0000000089700000)
 Metaspace       used 13433K, capacity 13900K, committed 14080K, reserved 1060864K
  class space    used 1802K, capacity 1959K, committed 2048K, reserved 1048576K
Event: 0.810 GC heap after
Heap after GC invocations=2 (full 0):
 PSYoungGen      total 36864K, used 5099K [0x00000000d6c00000, 0x00000000db400000, 0x0000000100000000)
  eden space 31744K, 0% used [0x00000000d6c00000,0x00000000d6c00000,0x00000000d8b00000)
  from space 5120K, 99% used [0x00000000d9000000,0x00000000d94fad48,0x00000000d9500000)
  to   space 5120K, 0% used [0x00000000d8b00000,0x00000000d8b00000,0x00000000d9000000)
 ParOldGen       total 84992K, used 873K [0x0000000084400000, 0x0000000089700000, 0x00000000d6c00000)
  object space 84992K, 1% used [0x0000000084400000,0x00000000844da538,0x0000000089700000)
 Metaspace       used 13433K, capacity 13900K, committed 14080K, reserved 1060864K
  class space    used 1802K, capacity 1959K, committed 2048K, reserved 1048576K
}
Event: 1.014 GC heap before
{Heap before GC invocations=3 (full 0):
 PSYoungGen      total 36864K, used 36843K [0x00000000d6c00000, 0x00000000db400000, 0x0000000100000000)
  eden space 31744K, 100% used [0x00000000d6c00000,0x00000000d8b00000,0x00000000d8b00000)
  from space 5120K, 99% used [0x00000000d9000000,0x00000000d94fad48,0x00000000d9500000)
  to   space 5120K, 0% used [0x00000000d8b00000,0x00000000d8b00000,0x00000000d9000000)
 ParOldGen       total 84992K, used 873K [0x0000000084400000, 0x0000000089700000, 0x00000000d6c00000)
  object space 84992K, 1% used [0x0000000084400000,0x00000000844da538,0x0000000089700000)
 Metaspace       used 17868K, capacity 18510K, committed 18688K, reserved 1064960K
  class space    used 2337K, capacity 2502K, committed 2560K, reserved 1048576K
Event: 1.019 GC heap after
Heap after GC invocations=3 (full 0):
 PSYoungGen      total 36864K, used 5109K [0x00000000d6c00000, 0x00000000db400000, 0x0000000100000000)
  eden space 31744K, 0% used [0x00000000d6c00000,0x00000000d6c00000,0x00000000d8b00000)
  from space 5120K, 99% used [0x00000000d8b00000,0x00000000d8ffd600,0x00000000d9000000)
  to   space 5120K, 0% used [0x00000000daf00000,0x00000000daf00000,0x00000000db400000)
 ParOldGen       total 84992K, used 3634K [0x0000000084400000, 0x0000000089700000, 0x00000000d6c00000)
  object space 84992K, 4% used [0x0000000084400000,0x000000008478c998,0x0000000089700000)
 Metaspace       used 17868K, capacity 18510K, committed 18688K, reserved 1064960K
  class space    used 2337K, capacity 2502K, committed 2560K, reserved 1048576K
}
Event: 1.170 GC heap before
{Heap before GC invocations=4 (full 0):
 PSYoungGen      total 36864K, used 25619K [0x00000000d6c00000, 0x00000000db400000, 0x0000000100000000)
  eden space 31744K, 64% used [0x00000000d6c00000,0x00000000d8007608,0x00000000d8b00000)
  from space 5120K, 99% used [0x00000000d8b00000,0x00000000d8ffd600,0x00000000d9000000)
  to   space 5120K, 0% used [0x00000000daf00000,0x00000000daf00000,0x00000000db400000)
 ParOldGen       total 84992K, used 3634K [0x0000000084400000, 0x0000000089700000, 0x00000000d6c00000)
  object space 84992K, 4% used [0x0000000084400000,0x000000008478c998,0x0000000089700000)
 Metaspace       used 20541K, capacity 21192K, committed 21296K, reserved 1067008K
  class space    used 2713K, capacity 2873K, committed 2944K, reserved 1048576K
Event: 1.175 GC heap after
Heap after GC invocations=4 (full 0):
 PSYoungGen      total 68608K, used 5115K [0x00000000d6c00000, 0x00000000db400000, 0x0000000100000000)
  eden space 63488K, 0% used [0x00000000d6c00000,0x00000000d6c00000,0x00000000daa00000)
  from space 5120K, 99% used [0x00000000daf00000,0x00000000db3fec68,0x00000000db400000)
  to   space 5120K, 0% used [0x00000000daa00000,0x00000000daa00000,0x00000000daf00000)
 ParOldGen       total 84992K, used 5818K [0x0000000084400000, 0x0000000089700000, 0x00000000d6c00000)
  object space 84992K, 6% used [0x0000000084400000,0x00000000849ae818,0x0000000089700000)
 Metaspace       used 20541K, capacity 21192K, committed 21296K, reserved 1067008K
  class space    used 2713K, capacity 2873K, committed 2944K, reserved 1048576K
}
Event: 1.175 GC heap before
{Heap before GC invocations=5 (full 1):
 PSYoungGen      total 68608K, used 5115K [0x00000000d6c00000, 0x00000000db400000, 0x0000000100000000)
  eden space 63488K, 0% used [0x00000000d6c00000,0x00000000d6c00000,0x00000000daa00000)
  from space 5120K, 99% used [0x00000000daf00000,0x00000000db3fec68,0x00000000db400000)
  to   space 5120K, 0% used [0x00000000daa00000,0x00000000daa00000,0x00000000daf00000)
 ParOldGen       total 84992K, used 5818K [0x0000000084400000, 0x0000000089700000, 0x00000000d6c00000)
  object space 84992K, 6% used [0x0000000084400000,0x00000000849ae818,0x0000000089700000)
 Metaspace       used 20541K, capacity 21192K, committed 21296K, reserved 1067008K
  class space    used 2713K, capacity 2873K, committed 2944K, reserved 1048576K
Event: 1.197 GC heap after
Heap after GC invocations=5 (full 1):
 PSYoungGen      total 68608K, used 0K [0x00000000d6c00000, 0x00000000db400000, 0x0000000100000000)
  eden space 63488K, 0% used [0x00000000d6c00000,0x00000000d6c00000,0x00000000daa00000)
  from space 5120K, 0% used [0x00000000daf00000,0x00000000daf00000,0x00000000db400000)
  to   space 5120K, 0% used [0x00000000daa00000,0x00000000daa00000,0x00000000daf00000)
 ParOldGen       total 57344K, used 7047K [0x0000000084400000, 0x0000000087c00000, 0x00000000d6c00000)
  object space 57344K, 12% used [0x0000000084400000,0x0000000084ae1f18,0x0000000087c00000)
 Metaspace       used 20539K, capacity 21186K, committed 21296K, reserved 1067008K
  class space    used 2712K, capacity 2872K, committed 2944K, reserved 1048576K
}
Event: 2.065 GC heap before
{Heap before GC invocations=6 (full 1):
 PSYoungGen      total 68608K, used 63488K [0x00000000d6c00000, 0x00000000db400000, 0x0000000100000000)
  eden space 63488K, 100% used [0x00000000d6c00000,0x00000000daa00000,0x00000000daa00000)
  from space 5120K, 0% used [0x00000000daf00000,0x00000000daf00000,0x00000000db400000)
  to   space 5120K, 0% used [0x00000000daa00000,0x00000000daa00000,0x00000000daf00000)
 ParOldGen       total 57344K, used 7047K [0x0000000084400000, 0x0000000087c00000, 0x00000000d6c00000)
  object space 57344K, 12% used [0x0000000084400000,0x0000000084ae1f18,0x0000000087c00000)
 Metaspace       used 26383K, capacity 27572K, committed 27648K, reserved 1073152K
  class space    used 3505K, capacity 3769K, committed 3840K, reserved 1048576K
Event: 2.072 GC heap after
Heap after GC invocations=6 (full 1):
 PSYoungGen      total 68608K, used 5118K [0x00000000d6c00000, 0x00000000ddb80000, 0x0000000100000000)
  eden space 63488K, 0% used [0x00000000d6c00000,0x00000000d6c00000,0x00000000daa00000)
  from space 5120K, 99% used [0x00000000daa00000,0x00000000daeffbd8,0x00000000daf00000)
  to   space 9728K, 0% used [0x00000000dd200000,0x00000000dd200000,0x00000000ddb80000)
 ParOldGen       total 57344K, used 10304K [0x0000000084400000, 0x0000000087c00000, 0x00000000d6c00000)
  object space 57344K, 17% used [0x0000000084400000,0x0000000084e10130,0x0000000087c00000)
 Metaspace       used 26383K, capacity 27572K, committed 27648K, reserved 1073152K
  class space    used 3505K, capacity 3769K, committed 3840K, reserved 1048576K
}

Deoptimization events (10 events):
Event: 1.838 Thread 0x00000000033e9800 Uncommon trap: reason=unstable_if action=reinterpret pc=0x0000000003bdc930 method=org.springframework.beans.factory.support.AbstractAutowireCapableBeanFactory.predictBeanType(Ljava/lang/String;Lorg/springframework/beans/factory/support/RootBeanDefinition;
Event: 1.838 Thread 0x00000000033e9800 Uncommon trap: reason=unstable_if action=reinterpret pc=0x0000000003b96168 method=org.springframework.beans.factory.support.AbstractBeanFactory.getMergedLocalBeanDefinition(Ljava/lang/String;)Lorg/springframework/beans/factory/support/RootBeanDefinition; 
Event: 1.840 Thread 0x00000000033e9800 Uncommon trap: reason=unstable_if action=reinterpret pc=0x0000000003ba52fc method=org.springframework.beans.factory.support.DefaultSingletonBeanRegistry.getSingleton(Ljava/lang/String;Z)Ljava/lang/Object; @ 20
Event: 1.864 Thread 0x00000000033e9800 Uncommon trap: reason=unstable_if action=reinterpret pc=0x0000000003ae74b4 method=org.springframework.util.ConcurrentReferenceHashMap$Segment.findInChain(Lorg/springframework/util/ConcurrentReferenceHashMap$Reference;Ljava/lang/Object;I)Lorg/springframewo
Event: 1.864 Thread 0x00000000033e9800 Uncommon trap: reason=unstable_if action=reinterpret pc=0x0000000003ae4bcc method=org.springframework.util.ConcurrentReferenceHashMap$Segment.findInChain(Lorg/springframework/util/ConcurrentReferenceHashMap$Reference;Ljava/lang/Object;I)Lorg/springframewo
Event: 2.061 Thread 0x00000000033e9800 Uncommon trap: reason=unstable_if action=reinterpret pc=0x0000000003cc8808 method=org.springframework.boot.context.properties.source.ConfigurationPropertyName$Elements.getLength(I)I @ 13
Event: 2.100 Thread 0x00000000033e9800 Uncommon trap: reason=unstable_if action=reinterpret pc=0x0000000003c90f98 method=java.util.Properties$LineReader.readLine()I @ 323
Event: 2.100 Thread 0x00000000033e9800 Uncommon trap: reason=unstable_if action=reinterpret pc=0x00000000039b918c method=java.util.Properties$LineReader.readLine()I @ 323
Event: 2.129 Thread 0x00000000033e9800 Uncommon trap: reason=unstable_if action=reinterpret pc=0x0000000003baf348 method=java.util.LinkedHashMap.get(Ljava/lang/Object;)Ljava/lang/Object; @ 20
Event: 2.134 Thread 0x00000000033e9800 Uncommon trap: reason=unstable_if action=reinterpret pc=0x0000000003c900e0 method=java.util.Properties.loadConvert([CII[C)Ljava/lang/String; @ 57

Classes redefined (0 events):
No events

Internal exceptions (10 events):
Event: 1.012 Thread 0x00000000033e9800 Exception <a 'java/lang/ClassNotFoundException': org/springframework/context/EnvironmentAwareCustomizer> (0x00000000d8a86d30) thrown at [C:\re\workspace\8-2-build-windows-amd64-cygwin\jdk8u231\13620\hotspot\src\share\vm\classfile\systemDictionary.cpp, lin
Event: 1.012 Thread 0x00000000033e9800 Exception <a 'java/lang/ClassNotFoundException': org/springframework/beans/factory/AwareCustomizer> (0x00000000d8a96e18) thrown at [C:\re\workspace\8-2-build-windows-amd64-cygwin\jdk8u231\13620\hotspot\src\share\vm\classfile\systemDictionary.cpp, line 210
Event: 1.040 Thread 0x00000000033e9800 Exception <a 'java/lang/NoSuchMethodError': java.lang.Object.lambda$comparing$77a9974f$1(Ljava/util/function/Function;Ljava/lang/Object;Ljava/lang/Object;)I> (0x00000000d6ec2200) thrown at [C:\re\workspace\8-2-build-windows-amd64-cygwin\jdk8u231\13620\hot
Event: 1.144 Thread 0x000000001bc9b800 Exception <a 'java/lang/IncompatibleClassChangeError': Found class java.lang.Object, but interface was expected> (0x00000000d7c3e628) thrown at [C:\re\workspace\8-2-build-windows-amd64-cygwin\jdk8u231\13620\hotspot\src\share\vm\interpreter\linkResolver.cp
Event: 1.232 Thread 0x00000000033e9800 Exception <a 'java/lang/IncompatibleClassChangeError': Found class java.lang.Object, but interface was expected> (0x00000000d70cb4d0) thrown at [C:\re\workspace\8-2-build-windows-amd64-cygwin\jdk8u231\13620\hotspot\src\share\vm\interpreter\linkResolver.cp
Event: 1.251 Thread 0x00000000033e9800 Exception <a 'java/lang/NoSuchMethodError': java.lang.Object.lambda$getAllAnnotationAttributes$0(Lorg/springframework/util/MultiValueMap;)Lorg/springframework/util/MultiValueMap;> (0x00000000d7205530) thrown at [C:\re\workspace\8-2-build-windows-amd64-cyg
Event: 1.252 Thread 0x00000000033e9800 Exception <a 'java/lang/NoSuchMethodError': java.lang.Object.lambda$identity$2(Ljava/lang/Object;)Ljava/lang/Object;> (0x00000000d7215b58) thrown at [C:\re\workspace\8-2-build-windows-amd64-cygwin\jdk8u231\13620\hotspot\src\share\vm\interpreter\linkResolv
Event: 1.474 Thread 0x00000000033e9800 Exception <a 'java/lang/NoSuchMethodError': java.lang.Object.lambda$andThen$1(Ljava/util/function/Function;Ljava/lang/Object;)Ljava/lang/Object;> (0x00000000d8760830) thrown at [C:\re\workspace\8-2-build-windows-amd64-cygwin\jdk8u231\13620\hotspot\src\sha
Event: 2.061 Thread 0x00000000033e9800 Implicit null exception at 0x0000000003cc8727 to 0x0000000003cc87f5
Event: 2.083 Thread 0x00000000033e9800 Exception <a 'java/lang/NoSuchMethodError': java.lang.Object.lambda$and$0(Ljava/util/function/Predicate;Ljava/lang/Object;)Z> (0x00000000d6cc9ea8) thrown at [C:\re\workspace\8-2-build-windows-amd64-cygwin\jdk8u231\13620\hotspot\src\share\vm\interpreter\li

Events (10 events):
Event: 2.169 loading class sun/security/provider/ByteArrayAccess
Event: 2.169 loading class sun/security/provider/ByteArrayAccess done
Event: 2.172 loading class java/net/NetworkInterface
Event: 2.172 loading class java/net/NetworkInterface done
Event: 2.172 loading class java/net/NetworkInterface$1
Event: 2.172 loading class java/net/NetworkInterface$1 done
Event: 2.173 loading class java/net/InterfaceAddress
Event: 2.173 loading class java/net/InterfaceAddress done
Event: 2.173 loading class java/net/DefaultInterface
Event: 2.173 loading class java/net/DefaultInterface done


Dynamic libraries:
0x00007ff725700000 - 0x00007ff725737000 	C:\Program Files\Java\jre1.8.0_231\bin\javaw.exe
0x00007ffdaa860000 - 0x00007ffdaaa69000 	C:\WINDOWS\SYSTEM32\ntdll.dll
0x00007ffda9060000 - 0x00007ffda911d000 	C:\WINDOWS\System32\KERNEL32.DLL
0x00007ffda8190000 - 0x00007ffda8514000 	C:\WINDOWS\System32\KERNELBASE.dll
0x00007ffda1780000 - 0x00007ffda1812000 	C:\WINDOWS\SYSTEM32\apphelp.dll
0x00007ffd4a370000 - 0x00007ffd4a818000 	C:\WINDOWS\SYSTEM32\AcLayers.DLL
0x00007ffda9e90000 - 0x00007ffda9f33000 	C:\WINDOWS\System32\msvcrt.dll
0x00007ffda8e90000 - 0x00007ffda8eed000 	C:\WINDOWS\System32\SHLWAPI.dll
0x00007ffd4a190000 - 0x00007ffd4a1a1000 	C:\WINDOWS\SYSTEM32\SortWindows61.dll
0x00007ffda8d30000 - 0x00007ffda8dde000 	C:\WINDOWS\System32\ADVAPI32.dll
0x00007ffdaa710000 - 0x00007ffdaa7ae000 	C:\WINDOWS\System32\sechost.dll
0x00007ffda9570000 - 0x00007ffda9691000 	C:\WINDOWS\System32\RPCRT4.dll
0x00007ffda9ce0000 - 0x00007ffda9e8d000 	C:\WINDOWS\System32\USER32.dll
0x00007ffda7f80000 - 0x00007ffda7fa6000 	C:\WINDOWS\System32\win32u.dll
0x00007ffda96a0000 - 0x00007ffda96ca000 	C:\WINDOWS\System32\GDI32.dll
0x00007ffda8070000 - 0x00007ffda818e000 	C:\WINDOWS\System32\gdi32full.dll
0x00007ffda8610000 - 0x00007ffda86ad000 	C:\WINDOWS\System32\msvcp_win.dll
0x00007ffda7cf0000 - 0x00007ffda7e01000 	C:\WINDOWS\System32\ucrtbase.dll
0x00007ffd96df0000 - 0x00007ffd97095000 	C:\WINDOWS\WinSxS\amd64_microsoft.windows.common-controls_6595b64144ccf1df_6.0.22000.120_none_9d947278b86cc467\COMCTL32.dll
0x00007ffda9ca0000 - 0x00007ffda9cd1000 	C:\WINDOWS\System32\IMM32.DLL
0x000000005d8e0000 - 0x000000005d9b2000 	C:\Program Files\Java\jre1.8.0_231\bin\msvcr100.dll
0x000000005c710000 - 0x000000005cfb6000 	C:\Program Files\Java\jre1.8.0_231\bin\server\jvm.dll
0x00007ffda9560000 - 0x00007ffda9568000 	C:\WINDOWS\System32\PSAPI.DLL
0x00007ffd95e90000 - 0x00007ffd95e99000 	C:\WINDOWS\SYSTEM32\WSOCK32.dll
0x00007ffdaa7b0000 - 0x00007ffdaa81f000 	C:\WINDOWS\System32\WS2_32.dll
0x00007ffd965d0000 - 0x00007ffd965da000 	C:\WINDOWS\SYSTEM32\VERSION.dll
0x00007ffda22f0000 - 0x00007ffda2323000 	C:\WINDOWS\SYSTEM32\WINMM.dll
0x00007ffda0f90000 - 0x00007ffda0f9f000 	C:\Program Files\Java\jre1.8.0_231\bin\verify.dll
0x00007ffd9ffa0000 - 0x00007ffd9ffc9000 	C:\Program Files\Java\jre1.8.0_231\bin\java.dll
0x00007ffd94dc0000 - 0x00007ffd94dd6000 	C:\Program Files\Java\jre1.8.0_231\bin\zip.dll
0x00007ffda9f40000 - 0x00007ffdaa705000 	C:\WINDOWS\System32\SHELL32.dll
0x00007ffda5d80000 - 0x00007ffda65e2000 	C:\WINDOWS\SYSTEM32\windows.storage.dll
0x00007ffda89b0000 - 0x00007ffda8d26000 	C:\WINDOWS\System32\combase.dll
0x00007ffda5c10000 - 0x00007ffda5d77000 	C:\WINDOWS\SYSTEM32\wintypes.dll
0x00007ffda8f70000 - 0x00007ffda905a000 	C:\WINDOWS\System32\SHCORE.dll
0x00007ffda7c20000 - 0x00007ffda7c45000 	C:\WINDOWS\SYSTEM32\profapi.dll
0x00007ffda0940000 - 0x00007ffda094d000 	C:\Program Files\Java\jre1.8.0_231\bin\management.dll
0x00007ffd934b0000 - 0x00007ffd934ca000 	C:\Program Files\Java\jre1.8.0_231\bin\net.dll
0x00007ffda7280000 - 0x00007ffda72e7000 	C:\WINDOWS\system32\mswsock.dll
0x00007ffd7f660000 - 0x00007ffd7f677000 	C:\WINDOWS\system32\napinsp.dll
0x00007ffd7f640000 - 0x00007ffd7f65b000 	C:\WINDOWS\system32\pnrpnsp.dll
0x00007ffda6870000 - 0x00007ffda6957000 	C:\WINDOWS\SYSTEM32\DNSAPI.dll
0x00007ffda6840000 - 0x00007ffda686d000 	C:\WINDOWS\SYSTEM32\IPHLPAPI.DLL
0x00007ffda9c70000 - 0x00007ffda9c79000 	C:\WINDOWS\System32\NSI.dll
0x00007ffd7f620000 - 0x00007ffd7f632000 	C:\WINDOWS\System32\winrnr.dll
0x00007ffd7f600000 - 0x00007ffd7f615000 	C:\WINDOWS\system32\wshbth.dll
0x00007ffd7dd70000 - 0x00007ffd7dd8f000 	C:\WINDOWS\system32\nlansp_c.dll
0x00007ffd97470000 - 0x00007ffd9747a000 	C:\Windows\System32\rasadhlp.dll
0x00007ffd97290000 - 0x00007ffd97312000 	C:\WINDOWS\System32\fwpuclnt.dll
0x00007ffd93490000 - 0x00007ffd934a2000 	C:\Program Files\Java\jre1.8.0_231\bin\nio.dll
0x00007ffda74c0000 - 0x00007ffda74d8000 	C:\WINDOWS\SYSTEM32\CRYPTSP.dll
0x00007ffda6c90000 - 0x00007ffda6cc5000 	C:\WINDOWS\system32\rsaenh.dll
0x00007ffda7370000 - 0x00007ffda739c000 	C:\WINDOWS\SYSTEM32\USERENV.dll
0x00007ffda7640000 - 0x00007ffda7667000 	C:\WINDOWS\SYSTEM32\bcrypt.dll
0x00007ffda8590000 - 0x00007ffda860f000 	C:\WINDOWS\System32\bcryptprimitives.dll
0x00007ffda7600000 - 0x00007ffda760c000 	C:\WINDOWS\SYSTEM32\CRYPTBASE.dll
0x00007ffd9c5f0000 - 0x00007ffd9c609000 	C:\WINDOWS\SYSTEM32\dhcpcsvc6.DLL
0x00007ffd9cfb0000 - 0x00007ffd9cfce000 	C:\WINDOWS\SYSTEM32\dhcpcsvc.DLL

VM Arguments:
jvm_args: -Dfile.encoding=Cp1252 
java_command: com.mindex.challenge.ChallengeApplication
java_class_path (initial): C:\Users\hhend\Downloads\mindex-java-code-challenge\mindex-java-code-challenge\bin\main;C:\Users\hhend\.gradle\caches\modules-2\files-2.1\org.springframework.boot\spring-boot-starter-web\2.2.0.RELEASE\a63661766218b06e540e58f7f3d4cf64278af92c\spring-boot-starter-web-2.2.0.RELEASE.jar;C:\Users\hhend\.gradle\caches\modules-2\files-2.1\org.springframework.boot\spring-boot-starter-data-mongodb\2.2.0.RELEASE\c6cec931c76070b4b6ca28c5bb33a869641309bf\spring-boot-starter-data-mongodb-2.2.0.RELEASE.jar;C:\Users\hhend\.gradle\caches\modules-2\files-2.1\de.bwaldvogel\mongo-java-server\1.25.0\1fc0f0285072eb1bfebc42493b612398589c883d\mongo-java-server-1.25.0.jar;C:\Users\hhend\.gradle\caches\modules-2\files-2.1\org.springframework.boot\spring-boot-starter-json\2.2.0.RELEASE\72459189c5a602f1e651c8e2a4547889dc691139\spring-boot-starter-json-2.2.0.RELEASE.jar;C:\Users\hhend\.gradle\caches\modules-2\files-2.1\org.springframework.boot\spring-boot-starter-validation\2.2.0.RELEASE\ab315d2930808b87908be42e19f64a1d5afbb012\spring-boot-starter-validation-2.2.0.RELEASE.jar;C:\Users\hhend\.gradle\caches\modules-2\files-2.1\org.springframework.boot\spring-boot-starter\2.2.0.RELEASE\47b669895fc0e5bb8e5a54b7171029223f899cde\spring-boot-starter-2.2.0.RELEASE.jar;C:\Users\hhend\.gradle\caches\modules-2\files-2.1\org.springframework.boot\spring-boot-starter-tomcat\2.2.0.RELEASE\e305bc0fec134a639c10c9d48885db88951ea318\spring-boot-starter-tomcat-2.2.0.RELEASE.jar;C:\Users\hhend\.gradle\caches\modules-2\files-2.1\org.springframework\spring-webmvc\5.2.0.RELEASE\652abc943904d67504dc822197868cafaa5e56b5\spring-webmvc-5.2.0.RELEASE.jar;C:\Users\hhend\.gradle\caches\modules-2\files-2.1\org.springframework\spring-web\5.2.0.RELEASE\d5b064196dc014519e751df549b4cc6a753fb191\spring-web-5.2.0.RELEASE.jar;C:\Users\hhend\.gradle\caches\modules-2\files-2.1\org.mongodb\mongodb-driver\3.11.1\e05980265461daaf7905db90bb37c9a35e4ede6e\mongodb-driver-3.11.1.jar;C:\Users\hhend\.gradle\caches
Launcher Type: SUN_STANDARD

Environment Variables:
PATH=C:/Program Files/Java/jre1.8.0_331/bin/server;C:/Program Files/Java/jre1.8.0_331/bin;C:/Program Files/Java/jre1.8.0_331/lib/amd64;C:\Python39\Scripts\;C:\Python39\;C:\Program Files (x86)\Common Files\Oracle\Java\javapath;C:\WINDOWS\system32;C:\WINDOWS;C:\WINDOWS\System32\Wbem;C:\WINDOWS\System32\WindowsPowerShell\v1.0\;C:\WINDOWS\System32\OpenSSH\;C:\Program Files\nodejs\;C:\ProgramData\chocolatey\bin;C:\Program Files\dotnet\;C:\Program Files\Git\cmd;C:\Program Files\WireGuard\;C:\Users\hhend\AppData\Local\Microsoft\WindowsApps;C:\Users\hhend\AppData\Roaming\npm;C:\Users\hhend\AppData\Local\JetBrains\Toolbox\scripts;;C:\Users\hhend\OneDrive\Desktop;
USERNAME=hhend
OS=Windows_NT
PROCESSOR_IDENTIFIER=Intel64 Family 6 Model 158 Stepping 10, GenuineIntel



---------------  S Y S T E M  ---------------

OS: Windows 10.0 , 64 bit Build 22000 (10.0.22000.2360)

CPU:total 8 (initial active 8) (4 cores per cpu, 2 threads per core) family 6 model 158 stepping 10, cmov, cx8, fxsr, mmx, sse, sse2, sse3, ssse3, sse4.1, sse4.2, popcnt, avx, avx2, aes, clmul, erms, 3dnowpref, lzcnt, ht, tsc, tscinvbit, bmi1, bmi2, adx

Memory: 4k page, physical 8109908k(306556k free), swap 33275732k(564k free)

vm_info: Java HotSpot(TM) 64-Bit Server VM (25.231-b11) for windows-amd64 JRE (1.8.0_231-b11), built on Oct  5 2019 03:11:30 by "java_re" with MS VC++ 10.0 (VS2010)

time: Thu Nov 09 13:31:40 2023
timezone: Eastern Standard Time
elapsed time: 2 seconds (0d 0h 0m 2s)

